{"D:\\fac\\4a\\devops\\project-management-platform\\Server\\Socket.js": {"path":"D:\\fac\\4a\\devops\\project-management-platform\\Server\\Socket.js","statementMap":{"0":{"start":{"line":1,"column":19},"end":{"line":1,"column":39}},"1":{"start":{"line":2,"column":12},"end":{"line":2,"column":35}},"2":{"start":{"line":3,"column":15},"end":{"line":3,"column":32}},"3":{"start":{"line":7,"column":25},"end":{"line":103,"column":1}},"4":{"start":{"line":8,"column":2},"end":{"line":8,"column":50}},"5":{"start":{"line":10,"column":2},"end":{"line":17,"column":5}},"6":{"start":{"line":20,"column":2},"end":{"line":51,"column":5}},"7":{"start":{"line":21,"column":4},"end":{"line":21,"column":61}},"8":{"start":{"line":23,"column":4},"end":{"line":50,"column":5}},"9":{"start":{"line":25,"column":22},"end":{"line":27,"column":12}},"10":{"start":{"line":30,"column":20},"end":{"line":30,"column":33}},"11":{"start":{"line":32,"column":6},"end":{"line":32,"column":50}},"12":{"start":{"line":34,"column":6},"end":{"line":38,"column":7}},"13":{"start":{"line":35,"column":8},"end":{"line":35,"column":80}},"14":{"start":{"line":36,"column":8},"end":{"line":36,"column":29}},"15":{"start":{"line":37,"column":8},"end":{"line":37,"column":22}},"16":{"start":{"line":41,"column":22},"end":{"line":41,"column":63}},"17":{"start":{"line":42,"column":6},"end":{"line":42,"column":33}},"18":{"start":{"line":43,"column":6},"end":{"line":43,"column":67}},"19":{"start":{"line":44,"column":6},"end":{"line":44,"column":13}},"20":{"start":{"line":46,"column":6},"end":{"line":46,"column":65}},"21":{"start":{"line":47,"column":6},"end":{"line":47,"column":27}},"22":{"start":{"line":49,"column":6},"end":{"line":49,"column":13}},"23":{"start":{"line":53,"column":2},"end":{"line":99,"column":5}},"24":{"start":{"line":54,"column":4},"end":{"line":54,"column":98}},"25":{"start":{"line":57,"column":4},"end":{"line":68,"column":7}},"26":{"start":{"line":59,"column":6},"end":{"line":67,"column":7}},"27":{"start":{"line":60,"column":8},"end":{"line":60,"column":87}},"28":{"start":{"line":61,"column":8},"end":{"line":61,"column":46}},"29":{"start":{"line":64,"column":8},"end":{"line":64,"column":95}},"30":{"start":{"line":66,"column":8},"end":{"line":66,"column":113}},"31":{"start":{"line":70,"column":4},"end":{"line":81,"column":7}},"32":{"start":{"line":72,"column":6},"end":{"line":76,"column":9}},"33":{"start":{"line":73,"column":8},"end":{"line":75,"column":9}},"34":{"start":{"line":74,"column":10},"end":{"line":74,"column":29}},"35":{"start":{"line":78,"column":23},"end":{"line":78,"column":54}},"36":{"start":{"line":79,"column":6},"end":{"line":79,"column":79}},"37":{"start":{"line":80,"column":6},"end":{"line":80,"column":28}},"38":{"start":{"line":83,"column":4},"end":{"line":87,"column":7}},"39":{"start":{"line":84,"column":23},"end":{"line":84,"column":54}},"40":{"start":{"line":85,"column":6},"end":{"line":85,"column":79}},"41":{"start":{"line":86,"column":6},"end":{"line":86,"column":29}},"42":{"start":{"line":89,"column":4},"end":{"line":94,"column":7}},"43":{"start":{"line":90,"column":6},"end":{"line":93,"column":9}},"44":{"start":{"line":96,"column":4},"end":{"line":98,"column":7}},"45":{"start":{"line":97,"column":6},"end":{"line":97,"column":51}},"46":{"start":{"line":101,"column":2},"end":{"line":101,"column":59}},"47":{"start":{"line":102,"column":2},"end":{"line":102,"column":12}},"48":{"start":{"line":106,"column":14},"end":{"line":111,"column":1}},"49":{"start":{"line":107,"column":2},"end":{"line":109,"column":3}},"50":{"start":{"line":108,"column":4},"end":{"line":108,"column":49}},"51":{"start":{"line":110,"column":2},"end":{"line":110,"column":12}},"52":{"start":{"line":114,"column":25},"end":{"line":126,"column":1}},"53":{"start":{"line":115,"column":2},"end":{"line":115,"column":80}},"54":{"start":{"line":116,"column":2},"end":{"line":119,"column":3}},"55":{"start":{"line":117,"column":4},"end":{"line":117,"column":73}},"56":{"start":{"line":118,"column":4},"end":{"line":118,"column":17}},"57":{"start":{"line":121,"column":15},"end":{"line":121,"column":39}},"58":{"start":{"line":122,"column":2},"end":{"line":122,"column":43}},"59":{"start":{"line":124,"column":2},"end":{"line":124,"column":111}},"60":{"start":{"line":125,"column":2},"end":{"line":125,"column":14}},"61":{"start":{"line":128,"column":0},"end":{"line":132,"column":2}}},"fnMap":{"0":{"name":"(anonymous_0)","decl":{"start":{"line":7,"column":25},"end":{"line":7,"column":26}},"loc":{"start":{"line":7,"column":37},"end":{"line":103,"column":1}},"line":7},"1":{"name":"(anonymous_1)","decl":{"start":{"line":20,"column":9},"end":{"line":20,"column":10}},"loc":{"start":{"line":20,"column":27},"end":{"line":51,"column":3}},"line":20},"2":{"name":"(anonymous_2)","decl":{"start":{"line":53,"column":22},"end":{"line":53,"column":23}},"loc":{"start":{"line":53,"column":34},"end":{"line":99,"column":3}},"line":53},"3":{"name":"(anonymous_3)","decl":{"start":{"line":57,"column":40},"end":{"line":57,"column":41}},"loc":{"start":{"line":57,"column":52},"end":{"line":68,"column":5}},"line":57},"4":{"name":"(anonymous_4)","decl":{"start":{"line":70,"column":37},"end":{"line":70,"column":38}},"loc":{"start":{"line":70,"column":54},"end":{"line":81,"column":5}},"line":70},"5":{"name":"(anonymous_5)","decl":{"start":{"line":72,"column":40},"end":{"line":72,"column":41}},"loc":{"start":{"line":72,"column":48},"end":{"line":76,"column":7}},"line":72},"6":{"name":"(anonymous_6)","decl":{"start":{"line":83,"column":38},"end":{"line":83,"column":39}},"loc":{"start":{"line":83,"column":55},"end":{"line":87,"column":5}},"line":83},"7":{"name":"(anonymous_7)","decl":{"start":{"line":89,"column":29},"end":{"line":89,"column":30}},"loc":{"start":{"line":89,"column":39},"end":{"line":94,"column":5}},"line":89},"8":{"name":"(anonymous_8)","decl":{"start":{"line":96,"column":28},"end":{"line":96,"column":29}},"loc":{"start":{"line":96,"column":34},"end":{"line":98,"column":5}},"line":96},"9":{"name":"(anonymous_9)","decl":{"start":{"line":106,"column":14},"end":{"line":106,"column":15}},"loc":{"start":{"line":106,"column":20},"end":{"line":111,"column":1}},"line":106},"10":{"name":"(anonymous_10)","decl":{"start":{"line":114,"column":25},"end":{"line":114,"column":26}},"loc":{"start":{"line":114,"column":51},"end":{"line":126,"column":1}},"line":114}},"branchMap":{"0":{"loc":{"start":{"line":12,"column":14},"end":{"line":12,"column":63}},"type":"binary-expr","locations":[{"start":{"line":12,"column":14},"end":{"line":12,"column":36}},{"start":{"line":12,"column":40},"end":{"line":12,"column":63}}],"line":12},"1":{"loc":{"start":{"line":25,"column":22},"end":{"line":27,"column":12}},"type":"cond-expr","locations":[{"start":{"line":26,"column":10},"end":{"line":26,"column":55}},{"start":{"line":27,"column":10},"end":{"line":27,"column":12}}],"line":25},"2":{"loc":{"start":{"line":34,"column":6},"end":{"line":38,"column":7}},"type":"if","locations":[{"start":{"line":34,"column":6},"end":{"line":38,"column":7}},{"start":{},"end":{}}],"line":34},"3":{"loc":{"start":{"line":54,"column":60},"end":{"line":54,"column":94}},"type":"binary-expr","locations":[{"start":{"line":54,"column":60},"end":{"line":54,"column":73}},{"start":{"line":54,"column":77},"end":{"line":54,"column":94}}],"line":54},"4":{"loc":{"start":{"line":59,"column":6},"end":{"line":67,"column":7}},"type":"if","locations":[{"start":{"line":59,"column":6},"end":{"line":67,"column":7}},{"start":{"line":65,"column":13},"end":{"line":67,"column":7}}],"line":59},"5":{"loc":{"start":{"line":59,"column":10},"end":{"line":59,"column":60}},"type":"binary-expr","locations":[{"start":{"line":59,"column":10},"end":{"line":59,"column":32}},{"start":{"line":59,"column":36},"end":{"line":59,"column":60}}],"line":59},"6":{"loc":{"start":{"line":73,"column":8},"end":{"line":75,"column":9}},"type":"if","locations":[{"start":{"line":73,"column":8},"end":{"line":75,"column":9}},{"start":{},"end":{}}],"line":73},"7":{"loc":{"start":{"line":107,"column":2},"end":{"line":109,"column":3}},"type":"if","locations":[{"start":{"line":107,"column":2},"end":{"line":109,"column":3}},{"start":{},"end":{}}],"line":107},"8":{"loc":{"start":{"line":116,"column":2},"end":{"line":119,"column":3}},"type":"if","locations":[{"start":{"line":116,"column":2},"end":{"line":119,"column":3}},{"start":{},"end":{}}],"line":116},"9":{"loc":{"start":{"line":124,"column":19},"end":{"line":124,"column":95}},"type":"cond-expr","locations":[{"start":{"line":124,"column":56},"end":{"line":124,"column":78}},{"start":{"line":124,"column":81},"end":{"line":124,"column":95}}],"line":124}},"s":{"0":2,"1":2,"2":2,"3":2,"4":0,"5":0,"6":0,"7":0,"8":0,"9":0,"10":0,"11":0,"12":0,"13":0,"14":0,"15":0,"16":0,"17":0,"18":0,"19":0,"20":0,"21":0,"22":0,"23":0,"24":0,"25":0,"26":0,"27":0,"28":0,"29":0,"30":0,"31":0,"32":0,"33":0,"34":0,"35":0,"36":0,"37":0,"38":0,"39":0,"40":0,"41":0,"42":0,"43":0,"44":0,"45":0,"46":0,"47":0,"48":2,"49":0,"50":0,"51":0,"52":2,"53":0,"54":0,"55":0,"56":0,"57":0,"58":0,"59":0,"60":0,"61":2},"f":{"0":0,"1":0,"2":0,"3":0,"4":0,"5":0,"6":0,"7":0,"8":0,"9":0,"10":0},"b":{"0":[0,0],"1":[0,0],"2":[0,0],"3":[0,0],"4":[0,0],"5":[0,0],"6":[0,0],"7":[0,0],"8":[0,0],"9":[0,0]},"_coverageSchema":"1a1c01bbd47fc00a2c39e90264f33305004495a9","hash":"b042f460cf64bc9a494fbc7cbca6733fc7fb59f3"}
,"D:\\fac\\4a\\devops\\project-management-platform\\Server\\controllers\\AuthController.js": {"path":"D:\\fac\\4a\\devops\\project-management-platform\\Server\\controllers\\AuthController.js","statementMap":{"0":{"start":{"line":1,"column":12},"end":{"line":1,"column":35}},"1":{"start":{"line":2,"column":15},"end":{"line":2,"column":32}},"2":{"start":{"line":3,"column":13},"end":{"line":3,"column":38}},"3":{"start":{"line":4,"column":15},"end":{"line":4,"column":32}},"4":{"start":{"line":5,"column":25},"end":{"line":5,"column":60}},"5":{"start":{"line":6,"column":18},"end":{"line":6,"column":47}},"6":{"start":{"line":9,"column":14},"end":{"line":9,"column":30}},"7":{"start":{"line":13,"column":0},"end":{"line":52,"column":2}},"8":{"start":{"line":14,"column":32},"end":{"line":14,"column":40}},"9":{"start":{"line":16,"column":4},"end":{"line":51,"column":5}},"10":{"start":{"line":17,"column":21},"end":{"line":17,"column":50}},"11":{"start":{"line":18,"column":8},"end":{"line":20,"column":9}},"12":{"start":{"line":19,"column":12},"end":{"line":19,"column":86}},"13":{"start":{"line":22,"column":24},"end":{"line":22,"column":69}},"14":{"start":{"line":23,"column":8},"end":{"line":25,"column":9}},"15":{"start":{"line":24,"column":12},"end":{"line":24,"column":86}},"16":{"start":{"line":27,"column":22},"end":{"line":31,"column":9}},"17":{"start":{"line":32,"column":8},"end":{"line":47,"column":12}},"18":{"start":{"line":50,"column":8},"end":{"line":50,"column":74}},"19":{"start":{"line":54,"column":0},"end":{"line":106,"column":2}},"20":{"start":{"line":55,"column":4},"end":{"line":105,"column":5}},"21":{"start":{"line":56,"column":33},"end":{"line":56,"column":55}},"22":{"start":{"line":57,"column":8},"end":{"line":59,"column":9}},"23":{"start":{"line":58,"column":12},"end":{"line":58,"column":91}},"24":{"start":{"line":58,"column":75},"end":{"line":58,"column":86}},"25":{"start":{"line":61,"column":90},"end":{"line":61,"column":95}},"26":{"start":{"line":63,"column":29},"end":{"line":63,"column":58}},"27":{"start":{"line":64,"column":8},"end":{"line":66,"column":9}},"28":{"start":{"line":65,"column":12},"end":{"line":65,"column":74}},"29":{"start":{"line":68,"column":31},"end":{"line":68,"column":62}},"30":{"start":{"line":71,"column":34},"end":{"line":71,"column":88}},"31":{"start":{"line":72,"column":40},"end":{"line":72,"column":107}},"32":{"start":{"line":74,"column":24},"end":{"line":85,"column":10}},"33":{"start":{"line":87,"column":8},"end":{"line":87,"column":29}},"34":{"start":{"line":90,"column":8},"end":{"line":96,"column":11}},"35":{"start":{"line":98,"column":8},"end":{"line":101,"column":11}},"36":{"start":{"line":104,"column":8},"end":{"line":104,"column":55}},"37":{"start":{"line":108,"column":0},"end":{"line":113,"column":2}},"38":{"start":{"line":109,"column":4},"end":{"line":112,"column":48}},"39":{"start":{"line":143,"column":0},"end":{"line":178,"column":4}},"40":{"start":{"line":147,"column":4},"end":{"line":155,"column":5}},"41":{"start":{"line":148,"column":6},"end":{"line":148,"column":54}},"42":{"start":{"line":151,"column":9},"end":{"line":155,"column":5}},"43":{"start":{"line":152,"column":6},"end":{"line":152,"column":32}},"44":{"start":{"line":154,"column":6},"end":{"line":154,"column":92}},"45":{"start":{"line":157,"column":4},"end":{"line":177,"column":5}},"46":{"start":{"line":158,"column":22},"end":{"line":158,"column":63}},"47":{"start":{"line":159,"column":19},"end":{"line":159,"column":50}},"48":{"start":{"line":161,"column":6},"end":{"line":163,"column":7}},"49":{"start":{"line":162,"column":8},"end":{"line":162,"column":99}},"50":{"start":{"line":165,"column":6},"end":{"line":170,"column":7}},"51":{"start":{"line":166,"column":41},"end":{"line":166,"column":94}},"52":{"start":{"line":167,"column":8},"end":{"line":169,"column":9}},"53":{"start":{"line":168,"column":10},"end":{"line":168,"column":110}},"54":{"start":{"line":172,"column":6},"end":{"line":172,"column":22}},"55":{"start":{"line":173,"column":6},"end":{"line":173,"column":13}},"56":{"start":{"line":175,"column":6},"end":{"line":175,"column":80}},"57":{"start":{"line":176,"column":6},"end":{"line":176,"column":83}},"58":{"start":{"line":180,"column":0},"end":{"line":190,"column":1}},"59":{"start":{"line":181,"column":4},"end":{"line":189,"column":5}},"60":{"start":{"line":182,"column":8},"end":{"line":184,"column":9}},"61":{"start":{"line":183,"column":12},"end":{"line":183,"column":96}},"62":{"start":{"line":185,"column":8},"end":{"line":187,"column":9}},"63":{"start":{"line":186,"column":12},"end":{"line":186,"column":68}},"64":{"start":{"line":188,"column":8},"end":{"line":188,"column":15}},"65":{"start":{"line":192,"column":0},"end":{"line":220,"column":1}},"66":{"start":{"line":193,"column":22},"end":{"line":193,"column":30}},"67":{"start":{"line":195,"column":4},"end":{"line":219,"column":5}},"68":{"start":{"line":196,"column":21},"end":{"line":196,"column":50}},"69":{"start":{"line":197,"column":8},"end":{"line":199,"column":9}},"70":{"start":{"line":198,"column":12},"end":{"line":198,"column":78}},"71":{"start":{"line":201,"column":27},"end":{"line":201,"column":81}},"72":{"start":{"line":202,"column":28},"end":{"line":202,"column":88}},"73":{"start":{"line":203,"column":8},"end":{"line":203,"column":46}},"74":{"start":{"line":204,"column":8},"end":{"line":204,"column":64}},"75":{"start":{"line":206,"column":8},"end":{"line":206,"column":26}},"76":{"start":{"line":208,"column":8},"end":{"line":213,"column":11}},"77":{"start":{"line":215,"column":8},"end":{"line":215,"column":117}},"78":{"start":{"line":218,"column":8},"end":{"line":218,"column":55}},"79":{"start":{"line":222,"column":0},"end":{"line":242,"column":2}},"80":{"start":{"line":223,"column":24},"end":{"line":226,"column":18}},"81":{"start":{"line":228,"column":17},"end":{"line":231,"column":11}},"82":{"start":{"line":233,"column":4},"end":{"line":235,"column":5}},"83":{"start":{"line":234,"column":8},"end":{"line":234,"column":76}},"84":{"start":{"line":237,"column":4},"end":{"line":237,"column":38}},"85":{"start":{"line":238,"column":4},"end":{"line":238,"column":22}},"86":{"start":{"line":240,"column":4},"end":{"line":240,"column":87}},"87":{"start":{"line":244,"column":0},"end":{"line":306,"column":2}},"88":{"start":{"line":245,"column":4},"end":{"line":305,"column":5}},"89":{"start":{"line":246,"column":51},"end":{"line":246,"column":59}},"90":{"start":{"line":248,"column":8},"end":{"line":252,"column":11}},"91":{"start":{"line":255,"column":8},"end":{"line":259,"column":9}},"92":{"start":{"line":256,"column":12},"end":{"line":258,"column":15}},"93":{"start":{"line":262,"column":28},"end":{"line":265,"column":26}},"94":{"start":{"line":267,"column":21},"end":{"line":271,"column":10}},"95":{"start":{"line":273,"column":8},"end":{"line":275,"column":9}},"96":{"start":{"line":274,"column":12},"end":{"line":274,"column":96}},"97":{"start":{"line":278,"column":8},"end":{"line":280,"column":9}},"98":{"start":{"line":279,"column":12},"end":{"line":279,"column":84}},"99":{"start":{"line":283,"column":8},"end":{"line":287,"column":9}},"100":{"start":{"line":284,"column":12},"end":{"line":286,"column":15}},"101":{"start":{"line":290,"column":31},"end":{"line":290,"column":65}},"102":{"start":{"line":293,"column":8},"end":{"line":293,"column":39}},"103":{"start":{"line":294,"column":8},"end":{"line":294,"column":44}},"104":{"start":{"line":295,"column":8},"end":{"line":295,"column":46}},"105":{"start":{"line":296,"column":8},"end":{"line":296,"column":43}},"106":{"start":{"line":297,"column":8},"end":{"line":297,"column":44}},"107":{"start":{"line":299,"column":8},"end":{"line":299,"column":26}},"108":{"start":{"line":301,"column":8},"end":{"line":301,"column":103}},"109":{"start":{"line":303,"column":8},"end":{"line":303,"column":54}},"110":{"start":{"line":304,"column":8},"end":{"line":304,"column":95}},"111":{"start":{"line":309,"column":0},"end":{"line":325,"column":2}},"112":{"start":{"line":311,"column":27},"end":{"line":311,"column":62}},"113":{"start":{"line":313,"column":19},"end":{"line":322,"column":6}},"114":{"start":{"line":324,"column":4},"end":{"line":324,"column":86}},"115":{"start":{"line":327,"column":0},"end":{"line":393,"column":2}},"116":{"start":{"line":328,"column":4},"end":{"line":392,"column":5}},"117":{"start":{"line":329,"column":32},"end":{"line":329,"column":41}},"118":{"start":{"line":330,"column":8},"end":{"line":330,"column":88}},"119":{"start":{"line":330,"column":19},"end":{"line":330,"column":88}},"120":{"start":{"line":333,"column":31},"end":{"line":333,"column":77}},"121":{"start":{"line":336,"column":33},"end":{"line":342,"column":10}},"122":{"start":{"line":345,"column":34},"end":{"line":347,"column":10}},"123":{"start":{"line":350,"column":19},"end":{"line":350,"column":63}},"124":{"start":{"line":351,"column":8},"end":{"line":360,"column":9}},"125":{"start":{"line":352,"column":12},"end":{"line":358,"column":15}},"126":{"start":{"line":359,"column":12},"end":{"line":359,"column":30}},"127":{"start":{"line":363,"column":22},"end":{"line":367,"column":9}},"128":{"start":{"line":370,"column":8},"end":{"line":377,"column":11}},"129":{"start":{"line":380,"column":8},"end":{"line":387,"column":9}},"130":{"start":{"line":382,"column":12},"end":{"line":382,"column":79}},"131":{"start":{"line":385,"column":33},"end":{"line":385,"column":82}},"132":{"start":{"line":386,"column":12},"end":{"line":386,"column":69}},"133":{"start":{"line":390,"column":8},"end":{"line":390,"column":52}},"134":{"start":{"line":391,"column":8},"end":{"line":391,"column":81}},"135":{"start":{"line":394,"column":0},"end":{"line":448,"column":2}},"136":{"start":{"line":395,"column":4},"end":{"line":447,"column":5}},"137":{"start":{"line":396,"column":46},"end":{"line":396,"column":54}},"138":{"start":{"line":399,"column":28},"end":{"line":402,"column":26}},"139":{"start":{"line":405,"column":21},"end":{"line":409,"column":10}},"140":{"start":{"line":411,"column":8},"end":{"line":413,"column":9}},"141":{"start":{"line":412,"column":12},"end":{"line":412,"column":80}},"142":{"start":{"line":416,"column":8},"end":{"line":416,"column":31}},"143":{"start":{"line":417,"column":8},"end":{"line":417,"column":48}},"144":{"start":{"line":418,"column":8},"end":{"line":418,"column":50}},"145":{"start":{"line":419,"column":8},"end":{"line":419,"column":26}},"146":{"start":{"line":422,"column":22},"end":{"line":426,"column":9}},"147":{"start":{"line":428,"column":8},"end":{"line":443,"column":11}},"148":{"start":{"line":446,"column":8},"end":{"line":446,"column":55}},"149":{"start":{"line":449,"column":0},"end":{"line":482,"column":2}},"150":{"start":{"line":450,"column":2},"end":{"line":481,"column":3}},"151":{"start":{"line":451,"column":19},"end":{"line":451,"column":31}},"152":{"start":{"line":454,"column":22},"end":{"line":454,"column":32}},"153":{"start":{"line":457,"column":18},"end":{"line":461,"column":6}},"154":{"start":{"line":463,"column":19},"end":{"line":470,"column":6}},"155":{"start":{"line":472,"column":4},"end":{"line":472,"column":96}},"156":{"start":{"line":475,"column":20},"end":{"line":475,"column":83}},"157":{"start":{"line":476,"column":4},"end":{"line":476,"column":44}},"158":{"start":{"line":477,"column":4},"end":{"line":477,"column":26}},"159":{"start":{"line":479,"column":4},"end":{"line":479,"column":61}},"160":{"start":{"line":480,"column":4},"end":{"line":480,"column":124}},"161":{"start":{"line":483,"column":0},"end":{"line":515,"column":2}},"162":{"start":{"line":484,"column":2},"end":{"line":514,"column":3}},"163":{"start":{"line":485,"column":27},"end":{"line":485,"column":62}},"164":{"start":{"line":487,"column":4},"end":{"line":490,"column":5}},"165":{"start":{"line":488,"column":6},"end":{"line":488,"column":48}},"166":{"start":{"line":489,"column":6},"end":{"line":489,"column":89}},"167":{"start":{"line":493,"column":18},"end":{"line":496,"column":6}},"168":{"start":{"line":498,"column":19},"end":{"line":505,"column":6}},"169":{"start":{"line":508,"column":20},"end":{"line":508,"column":83}},"170":{"start":{"line":509,"column":4},"end":{"line":509,"column":56}},"171":{"start":{"line":510,"column":4},"end":{"line":510,"column":26}},"172":{"start":{"line":512,"column":4},"end":{"line":512,"column":58}},"173":{"start":{"line":513,"column":4},"end":{"line":513,"column":77}},"174":{"start":{"line":516,"column":0},"end":{"line":765,"column":2}},"175":{"start":{"line":517,"column":2},"end":{"line":517,"column":41}},"176":{"start":{"line":518,"column":2},"end":{"line":764,"column":3}},"177":{"start":{"line":519,"column":28},"end":{"line":519,"column":37}},"178":{"start":{"line":520,"column":4},"end":{"line":520,"column":63}},"179":{"start":{"line":522,"column":4},"end":{"line":524,"column":5}},"180":{"start":{"line":523,"column":6},"end":{"line":523,"column":77}},"181":{"start":{"line":527,"column":20},"end":{"line":527,"column":22}},"182":{"start":{"line":528,"column":4},"end":{"line":536,"column":5}},"183":{"start":{"line":529,"column":6},"end":{"line":529,"column":36}},"184":{"start":{"line":530,"column":6},"end":{"line":530,"column":67}},"185":{"start":{"line":532,"column":6},"end":{"line":532,"column":66}},"186":{"start":{"line":533,"column":6},"end":{"line":535,"column":7}},"187":{"start":{"line":534,"column":8},"end":{"line":534,"column":44}},"188":{"start":{"line":539,"column":4},"end":{"line":539,"column":48}},"189":{"start":{"line":540,"column":26},"end":{"line":548,"column":5}},"190":{"start":{"line":550,"column":24},"end":{"line":550,"column":55}},"191":{"start":{"line":551,"column":4},"end":{"line":554,"column":5}},"192":{"start":{"line":552,"column":6},"end":{"line":552,"column":60}},"193":{"start":{"line":553,"column":6},"end":{"line":553,"column":78}},"194":{"start":{"line":557,"column":4},"end":{"line":557,"column":48}},"195":{"start":{"line":558,"column":25},"end":{"line":560,"column":6}},"196":{"start":{"line":562,"column":17},"end":{"line":562,"column":42}},"197":{"start":{"line":565,"column":4},"end":{"line":579,"column":5}},"198":{"start":{"line":566,"column":6},"end":{"line":566,"column":67}},"199":{"start":{"line":567,"column":6},"end":{"line":567,"column":51}},"200":{"start":{"line":568,"column":6},"end":{"line":570,"column":7}},"201":{"start":{"line":569,"column":8},"end":{"line":569,"column":86}},"202":{"start":{"line":572,"column":6},"end":{"line":572,"column":44}},"203":{"start":{"line":573,"column":6},"end":{"line":575,"column":7}},"204":{"start":{"line":574,"column":8},"end":{"line":574,"column":60}},"205":{"start":{"line":576,"column":6},"end":{"line":576,"column":24}},"206":{"start":{"line":578,"column":6},"end":{"line":578,"column":85}},"207":{"start":{"line":582,"column":4},"end":{"line":582,"column":50}},"208":{"start":{"line":583,"column":4},"end":{"line":739,"column":5}},"209":{"start":{"line":584,"column":23},"end":{"line":584,"column":42}},"210":{"start":{"line":585,"column":24},"end":{"line":585,"column":54}},"211":{"start":{"line":586,"column":22},"end":{"line":586,"column":50}},"212":{"start":{"line":590,"column":6},"end":{"line":590,"column":70}},"213":{"start":{"line":591,"column":6},"end":{"line":594,"column":9}},"214":{"start":{"line":597,"column":28},"end":{"line":600,"column":8}},"215":{"start":{"line":602,"column":6},"end":{"line":616,"column":7}},"216":{"start":{"line":603,"column":8},"end":{"line":603,"column":53}},"217":{"start":{"line":604,"column":8},"end":{"line":610,"column":11}},"218":{"start":{"line":612,"column":8},"end":{"line":612,"column":37}},"219":{"start":{"line":613,"column":8},"end":{"line":613,"column":82}},"220":{"start":{"line":615,"column":8},"end":{"line":615,"column":85}},"221":{"start":{"line":619,"column":6},"end":{"line":621,"column":7}},"222":{"start":{"line":620,"column":8},"end":{"line":620,"column":68}},"223":{"start":{"line":624,"column":26},"end":{"line":624,"column":45}},"224":{"start":{"line":625,"column":29},"end":{"line":625,"column":51}},"225":{"start":{"line":627,"column":6},"end":{"line":627,"column":59}},"226":{"start":{"line":630,"column":6},"end":{"line":630,"column":62}},"227":{"start":{"line":631,"column":28},"end":{"line":639,"column":8}},"228":{"start":{"line":641,"column":27},"end":{"line":641,"column":45}},"229":{"start":{"line":642,"column":6},"end":{"line":642,"column":84}},"230":{"start":{"line":644,"column":6},"end":{"line":736,"column":7}},"231":{"start":{"line":645,"column":8},"end":{"line":645,"column":55}},"232":{"start":{"line":647,"column":27},"end":{"line":647,"column":28}},"233":{"start":{"line":648,"column":24},"end":{"line":648,"column":25}},"234":{"start":{"line":651,"column":35},"end":{"line":651,"column":44}},"235":{"start":{"line":654,"column":8},"end":{"line":666,"column":9}},"236":{"start":{"line":655,"column":10},"end":{"line":665,"column":11}},"237":{"start":{"line":656,"column":12},"end":{"line":664,"column":13}},"238":{"start":{"line":657,"column":14},"end":{"line":661,"column":15}},"239":{"start":{"line":658,"column":16},"end":{"line":658,"column":66}},"240":{"start":{"line":659,"column":21},"end":{"line":661,"column":15}},"241":{"start":{"line":660,"column":16},"end":{"line":660,"column":62}},"242":{"start":{"line":663,"column":14},"end":{"line":663,"column":88}},"243":{"start":{"line":668,"column":8},"end":{"line":668,"column":87}},"244":{"start":{"line":670,"column":8},"end":{"line":730,"column":9}},"245":{"start":{"line":671,"column":10},"end":{"line":729,"column":11}},"246":{"start":{"line":672,"column":12},"end":{"line":672,"column":80}},"247":{"start":{"line":675,"column":36},"end":{"line":677,"column":14}},"248":{"start":{"line":679,"column":12},"end":{"line":698,"column":13}},"249":{"start":{"line":680,"column":14},"end":{"line":680,"column":75}},"250":{"start":{"line":683,"column":14},"end":{"line":687,"column":15}},"251":{"start":{"line":684,"column":16},"end":{"line":684,"column":56}},"252":{"start":{"line":685,"column":16},"end":{"line":685,"column":45}},"253":{"start":{"line":686,"column":16},"end":{"line":686,"column":82}},"254":{"start":{"line":690,"column":35},"end":{"line":690,"column":65}},"255":{"start":{"line":691,"column":14},"end":{"line":694,"column":15}},"256":{"start":{"line":692,"column":16},"end":{"line":692,"column":67}},"257":{"start":{"line":693,"column":16},"end":{"line":693,"column":53}},"258":{"start":{"line":696,"column":14},"end":{"line":696,"column":26}},"259":{"start":{"line":697,"column":14},"end":{"line":697,"column":23}},"260":{"start":{"line":701,"column":31},"end":{"line":711,"column":14}},"261":{"start":{"line":714,"column":12},"end":{"line":714,"column":77}},"262":{"start":{"line":717,"column":33},"end":{"line":717,"column":56}},"263":{"start":{"line":718,"column":12},"end":{"line":718,"column":70}},"264":{"start":{"line":721,"column":36},"end":{"line":721,"column":63}},"265":{"start":{"line":722,"column":12},"end":{"line":726,"column":13}},"266":{"start":{"line":723,"column":14},"end":{"line":723,"column":62}},"267":{"start":{"line":724,"column":14},"end":{"line":724,"column":54}},"268":{"start":{"line":725,"column":14},"end":{"line":725,"column":29}},"269":{"start":{"line":728,"column":12},"end":{"line":728,"column":85}},"270":{"start":{"line":733,"column":8},"end":{"line":733,"column":37}},"271":{"start":{"line":734,"column":8},"end":{"line":734,"column":103}},"272":{"start":{"line":735,"column":8},"end":{"line":735,"column":97}},"273":{"start":{"line":738,"column":6},"end":{"line":738,"column":76}},"274":{"start":{"line":742,"column":16},"end":{"line":742,"column":39}},"275":{"start":{"line":743,"column":18},"end":{"line":747,"column":5}},"276":{"start":{"line":749,"column":4},"end":{"line":756,"column":7}},"277":{"start":{"line":758,"column":4},"end":{"line":758,"column":78}},"278":{"start":{"line":759,"column":4},"end":{"line":759,"column":97}},"279":{"start":{"line":761,"column":4},"end":{"line":761,"column":51}},"280":{"start":{"line":762,"column":21},"end":{"line":762,"column":86}},"281":{"start":{"line":763,"column":4},"end":{"line":763,"column":99}}},"fnMap":{"0":{"name":"(anonymous_0)","decl":{"start":{"line":13,"column":16},"end":{"line":13,"column":17}},"loc":{"start":{"line":13,"column":36},"end":{"line":52,"column":1}},"line":13},"1":{"name":"(anonymous_1)","decl":{"start":{"line":54,"column":19},"end":{"line":54,"column":20}},"loc":{"start":{"line":54,"column":39},"end":{"line":106,"column":1}},"line":54},"2":{"name":"(anonymous_2)","decl":{"start":{"line":58,"column":68},"end":{"line":58,"column":69}},"loc":{"start":{"line":58,"column":75},"end":{"line":58,"column":86}},"line":58},"3":{"name":"(anonymous_3)","decl":{"start":{"line":108,"column":17},"end":{"line":108,"column":18}},"loc":{"start":{"line":108,"column":31},"end":{"line":113,"column":1}},"line":108},"4":{"name":"(anonymous_4)","decl":{"start":{"line":143,"column":21},"end":{"line":143,"column":22}},"loc":{"start":{"line":143,"column":47},"end":{"line":178,"column":3}},"line":143},"5":{"name":"(anonymous_5)","decl":{"start":{"line":180,"column":18},"end":{"line":180,"column":19}},"loc":{"start":{"line":180,"column":32},"end":{"line":190,"column":1}},"line":180},"6":{"name":"(anonymous_6)","decl":{"start":{"line":181,"column":11},"end":{"line":181,"column":12}},"loc":{"start":{"line":181,"column":31},"end":{"line":189,"column":5}},"line":181},"7":{"name":"(anonymous_7)","decl":{"start":{"line":192,"column":25},"end":{"line":192,"column":26}},"loc":{"start":{"line":192,"column":45},"end":{"line":220,"column":1}},"line":192},"8":{"name":"(anonymous_8)","decl":{"start":{"line":222,"column":27},"end":{"line":222,"column":28}},"loc":{"start":{"line":222,"column":47},"end":{"line":242,"column":1}},"line":222},"9":{"name":"(anonymous_9)","decl":{"start":{"line":244,"column":24},"end":{"line":244,"column":25}},"loc":{"start":{"line":244,"column":44},"end":{"line":306,"column":1}},"line":244},"10":{"name":"(anonymous_10)","decl":{"start":{"line":309,"column":29},"end":{"line":309,"column":30}},"loc":{"start":{"line":309,"column":43},"end":{"line":325,"column":1}},"line":309},"11":{"name":"(anonymous_11)","decl":{"start":{"line":327,"column":31},"end":{"line":327,"column":32}},"loc":{"start":{"line":327,"column":51},"end":{"line":393,"column":1}},"line":327},"12":{"name":"(anonymous_12)","decl":{"start":{"line":394,"column":22},"end":{"line":394,"column":23}},"loc":{"start":{"line":394,"column":42},"end":{"line":448,"column":1}},"line":394},"13":{"name":"(anonymous_13)","decl":{"start":{"line":449,"column":32},"end":{"line":449,"column":33}},"loc":{"start":{"line":449,"column":46},"end":{"line":482,"column":1}},"line":449},"14":{"name":"(anonymous_14)","decl":{"start":{"line":483,"column":29},"end":{"line":483,"column":30}},"loc":{"start":{"line":483,"column":43},"end":{"line":515,"column":1}},"line":483},"15":{"name":"(anonymous_15)","decl":{"start":{"line":516,"column":31},"end":{"line":516,"column":32}},"loc":{"start":{"line":516,"column":51},"end":{"line":765,"column":1}},"line":516}},"branchMap":{"0":{"loc":{"start":{"line":18,"column":8},"end":{"line":20,"column":9}},"type":"if","locations":[{"start":{"line":18,"column":8},"end":{"line":20,"column":9}},{"start":{},"end":{}}],"line":18},"1":{"loc":{"start":{"line":23,"column":8},"end":{"line":25,"column":9}},"type":"if","locations":[{"start":{"line":23,"column":8},"end":{"line":25,"column":9}},{"start":{},"end":{}}],"line":23},"2":{"loc":{"start":{"line":37,"column":20},"end":{"line":37,"column":60}},"type":"binary-expr","locations":[{"start":{"line":37,"column":20},"end":{"line":37,"column":45}},{"start":{"line":37,"column":49},"end":{"line":37,"column":60}}],"line":37},"3":{"loc":{"start":{"line":57,"column":8},"end":{"line":59,"column":9}},"type":"if","locations":[{"start":{"line":57,"column":8},"end":{"line":59,"column":9}},{"start":{},"end":{}}],"line":57},"4":{"loc":{"start":{"line":64,"column":8},"end":{"line":66,"column":9}},"type":"if","locations":[{"start":{"line":64,"column":8},"end":{"line":66,"column":9}},{"start":{},"end":{}}],"line":64},"5":{"loc":{"start":{"line":78,"column":35},"end":{"line":78,"column":67}},"type":"binary-expr","locations":[{"start":{"line":78,"column":35},"end":{"line":78,"column":56}},{"start":{"line":78,"column":60},"end":{"line":78,"column":67}}],"line":78},"6":{"loc":{"start":{"line":79,"column":18},"end":{"line":79,"column":32}},"type":"binary-expr","locations":[{"start":{"line":79,"column":18},"end":{"line":79,"column":22}},{"start":{"line":79,"column":26},"end":{"line":79,"column":32}}],"line":79},"7":{"loc":{"start":{"line":80,"column":26},"end":{"line":80,"column":44}},"type":"binary-expr","locations":[{"start":{"line":80,"column":26},"end":{"line":80,"column":38}},{"start":{"line":80,"column":42},"end":{"line":80,"column":44}}],"line":80},"8":{"loc":{"start":{"line":81,"column":17},"end":{"line":81,"column":38}},"type":"cond-expr","locations":[{"start":{"line":81,"column":23},"end":{"line":81,"column":33}},{"start":{"line":81,"column":36},"end":{"line":81,"column":38}}],"line":81},"9":{"loc":{"start":{"line":110,"column":16},"end":{"line":110,"column":56}},"type":"binary-expr","locations":[{"start":{"line":110,"column":16},"end":{"line":110,"column":41}},{"start":{"line":110,"column":45},"end":{"line":110,"column":56}}],"line":110},"10":{"loc":{"start":{"line":147,"column":4},"end":{"line":155,"column":5}},"type":"if","locations":[{"start":{"line":147,"column":4},"end":{"line":155,"column":5}},{"start":{"line":151,"column":9},"end":{"line":155,"column":5}}],"line":147},"11":{"loc":{"start":{"line":147,"column":8},"end":{"line":147,"column":83}},"type":"binary-expr","locations":[{"start":{"line":147,"column":8},"end":{"line":147,"column":33}},{"start":{"line":147,"column":37},"end":{"line":147,"column":83}}],"line":147},"12":{"loc":{"start":{"line":151,"column":9},"end":{"line":155,"column":5}},"type":"if","locations":[{"start":{"line":151,"column":9},"end":{"line":155,"column":5}},{"start":{"line":153,"column":11},"end":{"line":155,"column":5}}],"line":151},"13":{"loc":{"start":{"line":151,"column":13},"end":{"line":151,"column":45}},"type":"binary-expr","locations":[{"start":{"line":151,"column":13},"end":{"line":151,"column":24}},{"start":{"line":151,"column":28},"end":{"line":151,"column":45}}],"line":151},"14":{"loc":{"start":{"line":161,"column":6},"end":{"line":163,"column":7}},"type":"if","locations":[{"start":{"line":161,"column":6},"end":{"line":163,"column":7}},{"start":{},"end":{}}],"line":161},"15":{"loc":{"start":{"line":165,"column":6},"end":{"line":170,"column":7}},"type":"if","locations":[{"start":{"line":165,"column":6},"end":{"line":170,"column":7}},{"start":{},"end":{}}],"line":165},"16":{"loc":{"start":{"line":167,"column":8},"end":{"line":169,"column":9}},"type":"if","locations":[{"start":{"line":167,"column":8},"end":{"line":169,"column":9}},{"start":{},"end":{}}],"line":167},"17":{"loc":{"start":{"line":182,"column":8},"end":{"line":184,"column":9}},"type":"if","locations":[{"start":{"line":182,"column":8},"end":{"line":184,"column":9}},{"start":{},"end":{}}],"line":182},"18":{"loc":{"start":{"line":185,"column":8},"end":{"line":187,"column":9}},"type":"if","locations":[{"start":{"line":185,"column":8},"end":{"line":187,"column":9}},{"start":{},"end":{}}],"line":185},"19":{"loc":{"start":{"line":197,"column":8},"end":{"line":199,"column":9}},"type":"if","locations":[{"start":{"line":197,"column":8},"end":{"line":199,"column":9}},{"start":{},"end":{}}],"line":197},"20":{"loc":{"start":{"line":233,"column":4},"end":{"line":235,"column":5}},"type":"if","locations":[{"start":{"line":233,"column":4},"end":{"line":235,"column":5}},{"start":{},"end":{}}],"line":233},"21":{"loc":{"start":{"line":255,"column":8},"end":{"line":259,"column":9}},"type":"if","locations":[{"start":{"line":255,"column":8},"end":{"line":259,"column":9}},{"start":{},"end":{}}],"line":255},"22":{"loc":{"start":{"line":255,"column":12},"end":{"line":255,"column":49}},"type":"binary-expr","locations":[{"start":{"line":255,"column":12},"end":{"line":255,"column":18}},{"start":{"line":255,"column":22},"end":{"line":255,"column":34}},{"start":{"line":255,"column":38},"end":{"line":255,"column":49}}],"line":255},"23":{"loc":{"start":{"line":273,"column":8},"end":{"line":275,"column":9}},"type":"if","locations":[{"start":{"line":273,"column":8},"end":{"line":275,"column":9}},{"start":{},"end":{}}],"line":273},"24":{"loc":{"start":{"line":278,"column":8},"end":{"line":280,"column":9}},"type":"if","locations":[{"start":{"line":278,"column":8},"end":{"line":280,"column":9}},{"start":{},"end":{}}],"line":278},"25":{"loc":{"start":{"line":283,"column":8},"end":{"line":287,"column":9}},"type":"if","locations":[{"start":{"line":283,"column":8},"end":{"line":287,"column":9}},{"start":{},"end":{}}],"line":283},"26":{"loc":{"start":{"line":283,"column":12},"end":{"line":283,"column":69}},"type":"binary-expr","locations":[{"start":{"line":283,"column":12},"end":{"line":283,"column":43}},{"start":{"line":283,"column":47},"end":{"line":283,"column":69}}],"line":283},"27":{"loc":{"start":{"line":321,"column":15},"end":{"line":321,"column":58}},"type":"cond-expr","locations":[{"start":{"line":321,"column":32},"end":{"line":321,"column":53}},{"start":{"line":321,"column":56},"end":{"line":321,"column":58}}],"line":321},"28":{"loc":{"start":{"line":330,"column":8},"end":{"line":330,"column":88}},"type":"if","locations":[{"start":{"line":330,"column":8},"end":{"line":330,"column":88}},{"start":{},"end":{}}],"line":330},"29":{"loc":{"start":{"line":333,"column":31},"end":{"line":333,"column":77}},"type":"binary-expr","locations":[{"start":{"line":333,"column":31},"end":{"line":333,"column":36}},{"start":{"line":333,"column":40},"end":{"line":333,"column":77}}],"line":333},"30":{"loc":{"start":{"line":351,"column":8},"end":{"line":360,"column":9}},"type":"if","locations":[{"start":{"line":351,"column":8},"end":{"line":360,"column":9}},{"start":{},"end":{}}],"line":351},"31":{"loc":{"start":{"line":373,"column":22},"end":{"line":373,"column":76}},"type":"cond-expr","locations":[{"start":{"line":373,"column":62},"end":{"line":373,"column":68}},{"start":{"line":373,"column":71},"end":{"line":373,"column":76}}],"line":373},"32":{"loc":{"start":{"line":380,"column":8},"end":{"line":387,"column":9}},"type":"if","locations":[{"start":{"line":380,"column":8},"end":{"line":387,"column":9}},{"start":{"line":383,"column":15},"end":{"line":387,"column":9}}],"line":380},"33":{"loc":{"start":{"line":385,"column":33},"end":{"line":385,"column":82}},"type":"cond-expr","locations":[{"start":{"line":385,"column":57},"end":{"line":385,"column":69}},{"start":{"line":385,"column":72},"end":{"line":385,"column":82}}],"line":385},"34":{"loc":{"start":{"line":411,"column":8},"end":{"line":413,"column":9}},"type":"if","locations":[{"start":{"line":411,"column":8},"end":{"line":413,"column":9}},{"start":{},"end":{}}],"line":411},"35":{"loc":{"start":{"line":433,"column":20},"end":{"line":433,"column":60}},"type":"binary-expr","locations":[{"start":{"line":433,"column":20},"end":{"line":433,"column":45}},{"start":{"line":433,"column":49},"end":{"line":433,"column":60}}],"line":433},"36":{"loc":{"start":{"line":487,"column":4},"end":{"line":490,"column":5}},"type":"if","locations":[{"start":{"line":487,"column":4},"end":{"line":490,"column":5}},{"start":{},"end":{}}],"line":487},"37":{"loc":{"start":{"line":522,"column":4},"end":{"line":524,"column":5}},"type":"if","locations":[{"start":{"line":522,"column":4},"end":{"line":524,"column":5}},{"start":{},"end":{}}],"line":522},"38":{"loc":{"start":{"line":533,"column":6},"end":{"line":535,"column":7}},"type":"if","locations":[{"start":{"line":533,"column":6},"end":{"line":535,"column":7}},{"start":{},"end":{}}],"line":533},"39":{"loc":{"start":{"line":551,"column":4},"end":{"line":554,"column":5}},"type":"if","locations":[{"start":{"line":551,"column":4},"end":{"line":554,"column":5}},{"start":{},"end":{}}],"line":551},"40":{"loc":{"start":{"line":565,"column":4},"end":{"line":579,"column":5}},"type":"if","locations":[{"start":{"line":565,"column":4},"end":{"line":579,"column":5}},{"start":{"line":577,"column":11},"end":{"line":579,"column":5}}],"line":565},"41":{"loc":{"start":{"line":568,"column":6},"end":{"line":570,"column":7}},"type":"if","locations":[{"start":{"line":568,"column":6},"end":{"line":570,"column":7}},{"start":{},"end":{}}],"line":568},"42":{"loc":{"start":{"line":573,"column":6},"end":{"line":575,"column":7}},"type":"if","locations":[{"start":{"line":573,"column":6},"end":{"line":575,"column":7}},{"start":{},"end":{}}],"line":573},"43":{"loc":{"start":{"line":602,"column":6},"end":{"line":616,"column":7}},"type":"if","locations":[{"start":{"line":602,"column":6},"end":{"line":616,"column":7}},{"start":{"line":614,"column":13},"end":{"line":616,"column":7}}],"line":602},"44":{"loc":{"start":{"line":619,"column":6},"end":{"line":621,"column":7}},"type":"if","locations":[{"start":{"line":619,"column":6},"end":{"line":621,"column":7}},{"start":{},"end":{}}],"line":619},"45":{"loc":{"start":{"line":619,"column":10},"end":{"line":619,"column":50}},"type":"binary-expr","locations":[{"start":{"line":619,"column":10},"end":{"line":619,"column":26}},{"start":{"line":619,"column":30},"end":{"line":619,"column":50}}],"line":619},"46":{"loc":{"start":{"line":644,"column":6},"end":{"line":736,"column":7}},"type":"if","locations":[{"start":{"line":644,"column":6},"end":{"line":736,"column":7}},{"start":{"line":646,"column":13},"end":{"line":736,"column":7}}],"line":644},"47":{"loc":{"start":{"line":654,"column":8},"end":{"line":666,"column":9}},"type":"if","locations":[{"start":{"line":654,"column":8},"end":{"line":666,"column":9}},{"start":{},"end":{}}],"line":654},"48":{"loc":{"start":{"line":654,"column":12},"end":{"line":654,"column":75}},"type":"binary-expr","locations":[{"start":{"line":654,"column":12},"end":{"line":654,"column":36}},{"start":{"line":654,"column":40},"end":{"line":654,"column":75}}],"line":654},"49":{"loc":{"start":{"line":657,"column":14},"end":{"line":661,"column":15}},"type":"if","locations":[{"start":{"line":657,"column":14},"end":{"line":661,"column":15}},{"start":{"line":659,"column":21},"end":{"line":661,"column":15}}],"line":657},"50":{"loc":{"start":{"line":657,"column":18},"end":{"line":657,"column":66}},"type":"binary-expr","locations":[{"start":{"line":657,"column":18},"end":{"line":657,"column":48}},{"start":{"line":657,"column":52},"end":{"line":657,"column":66}}],"line":657},"51":{"loc":{"start":{"line":659,"column":21},"end":{"line":661,"column":15}},"type":"if","locations":[{"start":{"line":659,"column":21},"end":{"line":661,"column":15}},{"start":{},"end":{}}],"line":659},"52":{"loc":{"start":{"line":679,"column":12},"end":{"line":698,"column":13}},"type":"if","locations":[{"start":{"line":679,"column":12},"end":{"line":698,"column":13}},{"start":{},"end":{}}],"line":679},"53":{"loc":{"start":{"line":683,"column":14},"end":{"line":687,"column":15}},"type":"if","locations":[{"start":{"line":683,"column":14},"end":{"line":687,"column":15}},{"start":{},"end":{}}],"line":683},"54":{"loc":{"start":{"line":683,"column":18},"end":{"line":683,"column":103}},"type":"binary-expr","locations":[{"start":{"line":683,"column":18},"end":{"line":683,"column":44}},{"start":{"line":683,"column":48},"end":{"line":683,"column":103}}],"line":683},"55":{"loc":{"start":{"line":691,"column":14},"end":{"line":694,"column":15}},"type":"if","locations":[{"start":{"line":691,"column":14},"end":{"line":694,"column":15}},{"start":{},"end":{}}],"line":691},"56":{"loc":{"start":{"line":703,"column":27},"end":{"line":703,"column":63}},"type":"binary-expr","locations":[{"start":{"line":703,"column":27},"end":{"line":703,"column":43}},{"start":{"line":703,"column":47},"end":{"line":703,"column":63}}],"line":703},"57":{"loc":{"start":{"line":706,"column":35},"end":{"line":706,"column":64}},"type":"binary-expr","locations":[{"start":{"line":706,"column":35},"end":{"line":706,"column":50}},{"start":{"line":706,"column":54},"end":{"line":706,"column":64}}],"line":706},"58":{"loc":{"start":{"line":709,"column":31},"end":{"line":709,"column":50}},"type":"binary-expr","locations":[{"start":{"line":709,"column":31},"end":{"line":709,"column":44}},{"start":{"line":709,"column":48},"end":{"line":709,"column":50}}],"line":709},"59":{"loc":{"start":{"line":722,"column":12},"end":{"line":726,"column":13}},"type":"if","locations":[{"start":{"line":722,"column":12},"end":{"line":726,"column":13}},{"start":{},"end":{}}],"line":722},"60":{"loc":{"start":{"line":746,"column":19},"end":{"line":746,"column":54}},"type":"binary-expr","locations":[{"start":{"line":746,"column":19},"end":{"line":746,"column":46}},{"start":{"line":746,"column":50},"end":{"line":746,"column":54}}],"line":746},"61":{"loc":{"start":{"line":755,"column":14},"end":{"line":755,"column":52}},"type":"binary-expr","locations":[{"start":{"line":755,"column":14},"end":{"line":755,"column":39}},{"start":{"line":755,"column":43},"end":{"line":755,"column":52}}],"line":755},"62":{"loc":{"start":{"line":762,"column":21},"end":{"line":762,"column":86}},"type":"binary-expr","locations":[{"start":{"line":762,"column":21},"end":{"line":762,"column":50}},{"start":{"line":762,"column":54},"end":{"line":762,"column":67}},{"start":{"line":762,"column":71},"end":{"line":762,"column":86}}],"line":762}},"s":{"0":1,"1":1,"2":1,"3":1,"4":1,"5":1,"6":1,"7":1,"8":4,"9":4,"10":4,"11":3,"12":1,"13":2,"14":2,"15":1,"16":1,"17":1,"18":1,"19":1,"20":4,"21":4,"22":4,"23":4,"24":7,"25":0,"26":0,"27":0,"28":0,"29":0,"30":0,"31":0,"32":0,"33":0,"34":0,"35":0,"36":0,"37":1,"38":1,"39":1,"40":5,"41":3,"42":2,"43":1,"44":1,"45":4,"46":4,"47":3,"48":3,"49":1,"50":2,"51":0,"52":0,"53":0,"54":2,"55":2,"56":1,"57":1,"58":1,"59":3,"60":3,"61":1,"62":2,"63":1,"64":1,"65":1,"66":3,"67":3,"68":3,"69":2,"70":1,"71":1,"72":1,"73":1,"74":1,"75":1,"76":1,"77":1,"78":1,"79":1,"80":0,"81":0,"82":0,"83":0,"84":0,"85":0,"86":0,"87":1,"88":0,"89":0,"90":0,"91":0,"92":0,"93":0,"94":0,"95":0,"96":0,"97":0,"98":0,"99":0,"100":0,"101":0,"102":0,"103":0,"104":0,"105":0,"106":0,"107":0,"108":0,"109":0,"110":0,"111":1,"112":0,"113":0,"114":0,"115":1,"116":0,"117":0,"118":0,"119":0,"120":0,"121":0,"122":0,"123":0,"124":0,"125":0,"126":0,"127":0,"128":0,"129":0,"130":0,"131":0,"132":0,"133":0,"134":0,"135":1,"136":3,"137":3,"138":3,"139":3,"140":2,"141":1,"142":1,"143":1,"144":1,"145":1,"146":1,"147":1,"148":1,"149":1,"150":0,"151":0,"152":0,"153":0,"154":0,"155":0,"156":0,"157":0,"158":0,"159":0,"160":0,"161":1,"162":0,"163":0,"164":0,"165":0,"166":0,"167":0,"168":0,"169":0,"170":0,"171":0,"172":0,"173":0,"174":1,"175":0,"176":0,"177":0,"178":0,"179":0,"180":0,"181":0,"182":0,"183":0,"184":0,"185":0,"186":0,"187":0,"188":0,"189":0,"190":0,"191":0,"192":0,"193":0,"194":0,"195":0,"196":0,"197":0,"198":0,"199":0,"200":0,"201":0,"202":0,"203":0,"204":0,"205":0,"206":0,"207":0,"208":0,"209":0,"210":0,"211":0,"212":0,"213":0,"214":0,"215":0,"216":0,"217":0,"218":0,"219":0,"220":0,"221":0,"222":0,"223":0,"224":0,"225":0,"226":0,"227":0,"228":0,"229":0,"230":0,"231":0,"232":0,"233":0,"234":0,"235":0,"236":0,"237":0,"238":0,"239":0,"240":0,"241":0,"242":0,"243":0,"244":0,"245":0,"246":0,"247":0,"248":0,"249":0,"250":0,"251":0,"252":0,"253":0,"254":0,"255":0,"256":0,"257":0,"258":0,"259":0,"260":0,"261":0,"262":0,"263":0,"264":0,"265":0,"266":0,"267":0,"268":0,"269":0,"270":0,"271":0,"272":0,"273":0,"274":0,"275":0,"276":0,"277":0,"278":0,"279":0,"280":0,"281":0},"f":{"0":4,"1":4,"2":7,"3":1,"4":5,"5":3,"6":3,"7":3,"8":0,"9":0,"10":0,"11":0,"12":3,"13":0,"14":0,"15":0},"b":{"0":[1,2],"1":[1,1],"2":[1,1],"3":[4,0],"4":[0,0],"5":[0,0],"6":[0,0],"7":[0,0],"8":[0,0],"9":[1,1],"10":[3,2],"11":[5,3],"12":[1,1],"13":[2,2],"14":[1,2],"15":[0,2],"16":[0,0],"17":[1,2],"18":[1,1],"19":[1,1],"20":[0,0],"21":[0,0],"22":[0,0,0],"23":[0,0],"24":[0,0],"25":[0,0],"26":[0,0],"27":[0,0],"28":[0,0],"29":[0,0],"30":[0,0],"31":[0,0],"32":[0,0],"33":[0,0],"34":[1,1],"35":[1,1],"36":[0,0],"37":[0,0],"38":[0,0],"39":[0,0],"40":[0,0],"41":[0,0],"42":[0,0],"43":[0,0],"44":[0,0],"45":[0,0],"46":[0,0],"47":[0,0],"48":[0,0],"49":[0,0],"50":[0,0],"51":[0,0],"52":[0,0],"53":[0,0],"54":[0,0],"55":[0,0],"56":[0,0],"57":[0,0],"58":[0,0],"59":[0,0],"60":[0,0],"61":[0,0],"62":[0,0,0]},"_coverageSchema":"1a1c01bbd47fc00a2c39e90264f33305004495a9","hash":"3760958c47f03be8c8293b3bda5122a21db82273"}
,"D:\\fac\\4a\\devops\\project-management-platform\\Server\\controllers\\CertifiacationsController.js": {"path":"D:\\fac\\4a\\devops\\project-management-platform\\Server\\controllers\\CertifiacationsController.js","statementMap":{"0":{"start":{"line":1,"column":0},"end":{"line":1,"column":27}},"1":{"start":{"line":3,"column":22},"end":{"line":3,"column":57}},"2":{"start":{"line":4,"column":34},"end":{"line":4,"column":83}},"3":{"start":{"line":6,"column":30},"end":{"line":6,"column":66}},"4":{"start":{"line":7,"column":15},"end":{"line":7,"column":32}},"5":{"start":{"line":8,"column":19},"end":{"line":8,"column":43}},"6":{"start":{"line":11,"column":0},"end":{"line":15,"column":3}},"7":{"start":{"line":18,"column":16},"end":{"line":24,"column":2}},"8":{"start":{"line":26,"column":15},"end":{"line":26,"column":34}},"9":{"start":{"line":29,"column":0},"end":{"line":29,"column":24}},"10":{"start":{"line":32,"column":0},"end":{"line":40,"column":2}},"11":{"start":{"line":33,"column":2},"end":{"line":39,"column":3}},"12":{"start":{"line":34,"column":27},"end":{"line":34,"column":77}},"13":{"start":{"line":35,"column":4},"end":{"line":35,"column":48}},"14":{"start":{"line":37,"column":4},"end":{"line":37,"column":65}},"15":{"start":{"line":38,"column":4},"end":{"line":38,"column":81}},"16":{"start":{"line":43,"column":0},"end":{"line":53,"column":2}},"17":{"start":{"line":44,"column":2},"end":{"line":52,"column":3}},"18":{"start":{"line":45,"column":26},"end":{"line":45,"column":99}},"19":{"start":{"line":46,"column":4},"end":{"line":48,"column":5}},"20":{"start":{"line":47,"column":6},"end":{"line":47,"column":90}},"21":{"start":{"line":49,"column":4},"end":{"line":49,"column":47}},"22":{"start":{"line":51,"column":4},"end":{"line":51,"column":81}},"23":{"start":{"line":56,"column":0},"end":{"line":74,"column":2}},"24":{"start":{"line":57,"column":20},"end":{"line":57,"column":51}},"25":{"start":{"line":58,"column":2},"end":{"line":60,"column":3}},"26":{"start":{"line":59,"column":4},"end":{"line":59,"column":83}},"27":{"start":{"line":59,"column":67},"end":{"line":59,"column":78}},"28":{"start":{"line":62,"column":2},"end":{"line":73,"column":3}},"29":{"start":{"line":63,"column":29},"end":{"line":67,"column":5}},"30":{"start":{"line":69,"column":20},"end":{"line":69,"column":64}},"31":{"start":{"line":70,"column":4},"end":{"line":70,"column":41}},"32":{"start":{"line":72,"column":4},"end":{"line":72,"column":99}},"33":{"start":{"line":77,"column":0},"end":{"line":102,"column":2}},"34":{"start":{"line":78,"column":20},"end":{"line":78,"column":51}},"35":{"start":{"line":79,"column":2},"end":{"line":81,"column":3}},"36":{"start":{"line":80,"column":4},"end":{"line":80,"column":83}},"37":{"start":{"line":80,"column":67},"end":{"line":80,"column":78}},"38":{"start":{"line":83,"column":2},"end":{"line":101,"column":3}},"39":{"start":{"line":84,"column":26},"end":{"line":84,"column":99}},"40":{"start":{"line":85,"column":4},"end":{"line":87,"column":5}},"41":{"start":{"line":86,"column":6},"end":{"line":86,"column":90}},"42":{"start":{"line":90,"column":4},"end":{"line":90,"column":41}},"43":{"start":{"line":91,"column":4},"end":{"line":91,"column":53}},"44":{"start":{"line":92,"column":4},"end":{"line":92,"column":39}},"45":{"start":{"line":93,"column":4},"end":{"line":95,"column":5}},"46":{"start":{"line":94,"column":6},"end":{"line":94,"column":42}},"47":{"start":{"line":97,"column":4},"end":{"line":97,"column":31}},"48":{"start":{"line":98,"column":4},"end":{"line":98,"column":47}},"49":{"start":{"line":100,"column":4},"end":{"line":100,"column":99}},"50":{"start":{"line":105,"column":0},"end":{"line":120,"column":2}},"51":{"start":{"line":106,"column":2},"end":{"line":119,"column":3}},"52":{"start":{"line":107,"column":26},"end":{"line":110,"column":6}},"53":{"start":{"line":112,"column":4},"end":{"line":114,"column":5}},"54":{"start":{"line":113,"column":6},"end":{"line":113,"column":90}},"55":{"start":{"line":116,"column":4},"end":{"line":116,"column":83}},"56":{"start":{"line":118,"column":4},"end":{"line":118,"column":99}}},"fnMap":{"0":{"name":"(anonymous_0)","decl":{"start":{"line":32,"column":32},"end":{"line":32,"column":33}},"loc":{"start":{"line":32,"column":52},"end":{"line":40,"column":1}},"line":32},"1":{"name":"(anonymous_1)","decl":{"start":{"line":43,"column":31},"end":{"line":43,"column":32}},"loc":{"start":{"line":43,"column":51},"end":{"line":53,"column":1}},"line":43},"2":{"name":"(anonymous_2)","decl":{"start":{"line":56,"column":30},"end":{"line":56,"column":31}},"loc":{"start":{"line":56,"column":50},"end":{"line":74,"column":1}},"line":56},"3":{"name":"(anonymous_3)","decl":{"start":{"line":59,"column":60},"end":{"line":59,"column":61}},"loc":{"start":{"line":59,"column":67},"end":{"line":59,"column":78}},"line":59},"4":{"name":"(anonymous_4)","decl":{"start":{"line":77,"column":30},"end":{"line":77,"column":31}},"loc":{"start":{"line":77,"column":50},"end":{"line":102,"column":1}},"line":77},"5":{"name":"(anonymous_5)","decl":{"start":{"line":80,"column":60},"end":{"line":80,"column":61}},"loc":{"start":{"line":80,"column":67},"end":{"line":80,"column":78}},"line":80},"6":{"name":"(anonymous_6)","decl":{"start":{"line":105,"column":30},"end":{"line":105,"column":31}},"loc":{"start":{"line":105,"column":50},"end":{"line":120,"column":1}},"line":105}},"branchMap":{"0":{"loc":{"start":{"line":46,"column":4},"end":{"line":48,"column":5}},"type":"if","locations":[{"start":{"line":46,"column":4},"end":{"line":48,"column":5}},{"start":{},"end":{}}],"line":46},"1":{"loc":{"start":{"line":58,"column":2},"end":{"line":60,"column":3}},"type":"if","locations":[{"start":{"line":58,"column":2},"end":{"line":60,"column":3}},{"start":{},"end":{}}],"line":58},"2":{"loc":{"start":{"line":66,"column":13},"end":{"line":66,"column":35}},"type":"binary-expr","locations":[{"start":{"line":66,"column":13},"end":{"line":66,"column":27}},{"start":{"line":66,"column":31},"end":{"line":66,"column":35}}],"line":66},"3":{"loc":{"start":{"line":79,"column":2},"end":{"line":81,"column":3}},"type":"if","locations":[{"start":{"line":79,"column":2},"end":{"line":81,"column":3}},{"start":{},"end":{}}],"line":79},"4":{"loc":{"start":{"line":85,"column":4},"end":{"line":87,"column":5}},"type":"if","locations":[{"start":{"line":85,"column":4},"end":{"line":87,"column":5}},{"start":{},"end":{}}],"line":85},"5":{"loc":{"start":{"line":93,"column":4},"end":{"line":95,"column":5}},"type":"if","locations":[{"start":{"line":93,"column":4},"end":{"line":95,"column":5}},{"start":{},"end":{}}],"line":93},"6":{"loc":{"start":{"line":112,"column":4},"end":{"line":114,"column":5}},"type":"if","locations":[{"start":{"line":112,"column":4},"end":{"line":114,"column":5}},{"start":{},"end":{}}],"line":112}},"s":{"0":1,"1":1,"2":1,"3":1,"4":1,"5":1,"6":1,"7":1,"8":1,"9":1,"10":1,"11":2,"12":2,"13":1,"14":1,"15":1,"16":1,"17":3,"18":3,"19":2,"20":1,"21":1,"22":1,"23":1,"24":4,"25":0,"26":0,"27":0,"28":0,"29":0,"30":0,"31":0,"32":0,"33":1,"34":5,"35":0,"36":0,"37":0,"38":0,"39":0,"40":0,"41":0,"42":0,"43":0,"44":0,"45":0,"46":0,"47":0,"48":0,"49":0,"50":1,"51":3,"52":3,"53":2,"54":1,"55":1,"56":1},"f":{"0":2,"1":3,"2":4,"3":0,"4":5,"5":0,"6":3},"b":{"0":[1,1],"1":[0,0],"2":[0,0],"3":[0,0],"4":[0,0],"5":[0,0],"6":[1,1]},"_coverageSchema":"1a1c01bbd47fc00a2c39e90264f33305004495a9","hash":"78912390972f2466bd1af198021936dcdcf2ef01"}
,"D:\\fac\\4a\\devops\\project-management-platform\\Server\\controllers\\ExperienceController.js": {"path":"D:\\fac\\4a\\devops\\project-management-platform\\Server\\controllers\\ExperienceController.js","statementMap":{"0":{"start":{"line":1,"column":19},"end":{"line":1,"column":50}},"1":{"start":{"line":2,"column":31},"end":{"line":2,"column":75}},"2":{"start":{"line":5,"column":0},"end":{"line":45,"column":2}},"3":{"start":{"line":6,"column":2},"end":{"line":6,"column":56}},"4":{"start":{"line":7,"column":2},"end":{"line":7,"column":58}},"5":{"start":{"line":9,"column":20},"end":{"line":9,"column":48}},"6":{"start":{"line":10,"column":2},"end":{"line":15,"column":3}},"7":{"start":{"line":11,"column":4},"end":{"line":11,"column":58}},"8":{"start":{"line":12,"column":4},"end":{"line":14,"column":65}},"9":{"start":{"line":14,"column":49},"end":{"line":14,"column":60}},"10":{"start":{"line":17,"column":2},"end":{"line":20,"column":3}},"11":{"start":{"line":18,"column":4},"end":{"line":18,"column":69}},"12":{"start":{"line":19,"column":4},"end":{"line":19,"column":71}},"13":{"start":{"line":22,"column":2},"end":{"line":44,"column":3}},"14":{"start":{"line":23,"column":4},"end":{"line":28,"column":6}},"15":{"start":{"line":29,"column":26},"end":{"line":32,"column":6}},"16":{"start":{"line":33,"column":4},"end":{"line":33,"column":31}},"17":{"start":{"line":34,"column":4},"end":{"line":34,"column":40}},"18":{"start":{"line":36,"column":4},"end":{"line":40,"column":6}},"19":{"start":{"line":41,"column":4},"end":{"line":43,"column":76}},"20":{"start":{"line":48,"column":0},"end":{"line":59,"column":2}},"21":{"start":{"line":49,"column":2},"end":{"line":58,"column":3}},"22":{"start":{"line":50,"column":24},"end":{"line":50,"column":47}},"23":{"start":{"line":51,"column":4},"end":{"line":51,"column":38}},"24":{"start":{"line":53,"column":4},"end":{"line":56,"column":6}},"25":{"start":{"line":57,"column":4},"end":{"line":57,"column":74}},"26":{"start":{"line":62,"column":0},"end":{"line":100,"column":2}},"27":{"start":{"line":63,"column":2},"end":{"line":63,"column":56}},"28":{"start":{"line":64,"column":2},"end":{"line":64,"column":55}},"29":{"start":{"line":66,"column":2},"end":{"line":74,"column":3}},"30":{"start":{"line":67,"column":4},"end":{"line":72,"column":6}},"31":{"start":{"line":73,"column":4},"end":{"line":73,"column":71}},"32":{"start":{"line":76,"column":2},"end":{"line":99,"column":3}},"33":{"start":{"line":77,"column":24},"end":{"line":77,"column":71}},"34":{"start":{"line":78,"column":4},"end":{"line":82,"column":6}},"35":{"start":{"line":83,"column":4},"end":{"line":90,"column":5}},"36":{"start":{"line":84,"column":6},"end":{"line":89,"column":11}},"37":{"start":{"line":91,"column":4},"end":{"line":91,"column":38}},"38":{"start":{"line":93,"column":4},"end":{"line":97,"column":6}},"39":{"start":{"line":98,"column":4},"end":{"line":98,"column":74}},"40":{"start":{"line":103,"column":0},"end":{"line":122,"column":2}},"41":{"start":{"line":104,"column":2},"end":{"line":121,"column":3}},"42":{"start":{"line":105,"column":23},"end":{"line":108,"column":6}},"43":{"start":{"line":109,"column":4},"end":{"line":113,"column":5}},"44":{"start":{"line":110,"column":6},"end":{"line":112,"column":67}},"45":{"start":{"line":114,"column":4},"end":{"line":114,"column":37}},"46":{"start":{"line":116,"column":4},"end":{"line":119,"column":6}},"47":{"start":{"line":120,"column":4},"end":{"line":120,"column":74}},"48":{"start":{"line":125,"column":0},"end":{"line":166,"column":2}},"49":{"start":{"line":126,"column":20},"end":{"line":126,"column":48}},"50":{"start":{"line":127,"column":2},"end":{"line":132,"column":3}},"51":{"start":{"line":128,"column":4},"end":{"line":128,"column":58}},"52":{"start":{"line":129,"column":4},"end":{"line":131,"column":65}},"53":{"start":{"line":131,"column":49},"end":{"line":131,"column":60}},"54":{"start":{"line":134,"column":2},"end":{"line":165,"column":3}},"55":{"start":{"line":135,"column":4},"end":{"line":140,"column":6}},"56":{"start":{"line":141,"column":23},"end":{"line":144,"column":6}},"57":{"start":{"line":145,"column":4},"end":{"line":149,"column":5}},"58":{"start":{"line":146,"column":6},"end":{"line":148,"column":67}},"59":{"start":{"line":151,"column":30},"end":{"line":155,"column":5}},"60":{"start":{"line":156,"column":4},"end":{"line":156,"column":44}},"61":{"start":{"line":158,"column":4},"end":{"line":161,"column":6}},"62":{"start":{"line":162,"column":4},"end":{"line":164,"column":76}},"63":{"start":{"line":169,"column":0},"end":{"line":192,"column":2}},"64":{"start":{"line":170,"column":2},"end":{"line":191,"column":3}},"65":{"start":{"line":171,"column":23},"end":{"line":174,"column":6}},"66":{"start":{"line":175,"column":4},"end":{"line":179,"column":5}},"67":{"start":{"line":176,"column":6},"end":{"line":178,"column":67}},"68":{"start":{"line":181,"column":4},"end":{"line":181,"column":54}},"69":{"start":{"line":182,"column":4},"end":{"line":182,"column":73}},"70":{"start":{"line":184,"column":4},"end":{"line":187,"column":6}},"71":{"start":{"line":188,"column":4},"end":{"line":190,"column":76}}},"fnMap":{"0":{"name":"(anonymous_0)","decl":{"start":{"line":5,"column":27},"end":{"line":5,"column":28}},"loc":{"start":{"line":5,"column":47},"end":{"line":45,"column":1}},"line":5},"1":{"name":"(anonymous_1)","decl":{"start":{"line":14,"column":40},"end":{"line":14,"column":41}},"loc":{"start":{"line":14,"column":49},"end":{"line":14,"column":60}},"line":14},"2":{"name":"(anonymous_2)","decl":{"start":{"line":48,"column":28},"end":{"line":48,"column":29}},"loc":{"start":{"line":48,"column":48},"end":{"line":59,"column":1}},"line":48},"3":{"name":"(anonymous_3)","decl":{"start":{"line":62,"column":29},"end":{"line":62,"column":30}},"loc":{"start":{"line":62,"column":49},"end":{"line":100,"column":1}},"line":62},"4":{"name":"(anonymous_4)","decl":{"start":{"line":103,"column":28},"end":{"line":103,"column":29}},"loc":{"start":{"line":103,"column":48},"end":{"line":122,"column":1}},"line":103},"5":{"name":"(anonymous_5)","decl":{"start":{"line":125,"column":27},"end":{"line":125,"column":28}},"loc":{"start":{"line":125,"column":47},"end":{"line":166,"column":1}},"line":125},"6":{"name":"(anonymous_6)","decl":{"start":{"line":131,"column":40},"end":{"line":131,"column":41}},"loc":{"start":{"line":131,"column":49},"end":{"line":131,"column":60}},"line":131},"7":{"name":"(anonymous_7)","decl":{"start":{"line":169,"column":27},"end":{"line":169,"column":28}},"loc":{"start":{"line":169,"column":47},"end":{"line":192,"column":1}},"line":169}},"branchMap":{"0":{"loc":{"start":{"line":10,"column":2},"end":{"line":15,"column":3}},"type":"if","locations":[{"start":{"line":10,"column":2},"end":{"line":15,"column":3}},{"start":{},"end":{}}],"line":10},"1":{"loc":{"start":{"line":17,"column":2},"end":{"line":20,"column":3}},"type":"if","locations":[{"start":{"line":17,"column":2},"end":{"line":20,"column":3}},{"start":{},"end":{}}],"line":17},"2":{"loc":{"start":{"line":17,"column":6},"end":{"line":17,"column":32}},"type":"binary-expr","locations":[{"start":{"line":17,"column":6},"end":{"line":17,"column":15}},{"start":{"line":17,"column":19},"end":{"line":17,"column":32}}],"line":17},"3":{"loc":{"start":{"line":66,"column":2},"end":{"line":74,"column":3}},"type":"if","locations":[{"start":{"line":66,"column":2},"end":{"line":74,"column":3}},{"start":{},"end":{}}],"line":66},"4":{"loc":{"start":{"line":66,"column":6},"end":{"line":66,"column":32}},"type":"binary-expr","locations":[{"start":{"line":66,"column":6},"end":{"line":66,"column":15}},{"start":{"line":66,"column":19},"end":{"line":66,"column":32}}],"line":66},"5":{"loc":{"start":{"line":83,"column":4},"end":{"line":90,"column":5}},"type":"if","locations":[{"start":{"line":83,"column":4},"end":{"line":90,"column":5}},{"start":{},"end":{}}],"line":83},"6":{"loc":{"start":{"line":109,"column":4},"end":{"line":113,"column":5}},"type":"if","locations":[{"start":{"line":109,"column":4},"end":{"line":113,"column":5}},{"start":{},"end":{}}],"line":109},"7":{"loc":{"start":{"line":127,"column":2},"end":{"line":132,"column":3}},"type":"if","locations":[{"start":{"line":127,"column":2},"end":{"line":132,"column":3}},{"start":{},"end":{}}],"line":127},"8":{"loc":{"start":{"line":145,"column":4},"end":{"line":149,"column":5}},"type":"if","locations":[{"start":{"line":145,"column":4},"end":{"line":149,"column":5}},{"start":{},"end":{}}],"line":145},"9":{"loc":{"start":{"line":175,"column":4},"end":{"line":179,"column":5}},"type":"if","locations":[{"start":{"line":175,"column":4},"end":{"line":179,"column":5}},{"start":{},"end":{}}],"line":175}},"s":{"0":1,"1":1,"2":1,"3":4,"4":4,"5":4,"6":0,"7":0,"8":0,"9":0,"10":0,"11":0,"12":0,"13":0,"14":0,"15":0,"16":0,"17":0,"18":0,"19":0,"20":1,"21":2,"22":2,"23":1,"24":1,"25":1,"26":1,"27":4,"28":4,"29":4,"30":1,"31":1,"32":3,"33":3,"34":2,"35":2,"36":1,"37":1,"38":1,"39":1,"40":1,"41":3,"42":3,"43":2,"44":1,"45":1,"46":1,"47":1,"48":1,"49":4,"50":0,"51":0,"52":0,"53":0,"54":0,"55":0,"56":0,"57":0,"58":0,"59":0,"60":0,"61":0,"62":0,"63":1,"64":3,"65":3,"66":2,"67":1,"68":1,"69":1,"70":1,"71":1},"f":{"0":4,"1":0,"2":2,"3":4,"4":3,"5":4,"6":0,"7":3},"b":{"0":[0,0],"1":[0,0],"2":[0,0],"3":[1,3],"4":[4,3],"5":[1,1],"6":[1,1],"7":[0,0],"8":[0,0],"9":[1,1]},"_coverageSchema":"1a1c01bbd47fc00a2c39e90264f33305004495a9","hash":"6621d95c101f325d6c72f7a15d162b0b4f2eb714"}
,"D:\\fac\\4a\\devops\\project-management-platform\\Server\\controllers\\ProjectController.js": {"path":"D:\\fac\\4a\\devops\\project-management-platform\\Server\\controllers\\ProjectController.js","statementMap":{"0":{"start":{"line":1,"column":16},"end":{"line":1,"column":44}},"1":{"start":{"line":2,"column":28},"end":{"line":2,"column":69}},"2":{"start":{"line":3,"column":17},"end":{"line":3,"column":36}},"3":{"start":{"line":5,"column":0},"end":{"line":14,"column":2}},"4":{"start":{"line":6,"column":2},"end":{"line":13,"column":3}},"5":{"start":{"line":7,"column":21},"end":{"line":7,"column":88}},"6":{"start":{"line":8,"column":4},"end":{"line":8,"column":35}},"7":{"start":{"line":10,"column":4},"end":{"line":10,"column":55}},"8":{"start":{"line":12,"column":4},"end":{"line":12,"column":66}},"9":{"start":{"line":15,"column":0},"end":{"line":40,"column":2}},"10":{"start":{"line":16,"column":2},"end":{"line":39,"column":3}},"11":{"start":{"line":17,"column":19},"end":{"line":17,"column":29}},"12":{"start":{"line":20,"column":4},"end":{"line":22,"column":5}},"13":{"start":{"line":21,"column":6},"end":{"line":21,"column":76}},"14":{"start":{"line":24,"column":20},"end":{"line":29,"column":8}},"15":{"start":{"line":31,"column":4},"end":{"line":33,"column":5}},"16":{"start":{"line":32,"column":6},"end":{"line":32,"column":68}},"17":{"start":{"line":35,"column":4},"end":{"line":35,"column":34}},"18":{"start":{"line":37,"column":4},"end":{"line":37,"column":60}},"19":{"start":{"line":38,"column":4},"end":{"line":38,"column":76}},"20":{"start":{"line":42,"column":0},"end":{"line":65,"column":2}},"21":{"start":{"line":43,"column":2},"end":{"line":64,"column":3}},"22":{"start":{"line":47,"column":24},"end":{"line":54,"column":5}},"23":{"start":{"line":56,"column":4},"end":{"line":56,"column":89}},"24":{"start":{"line":59,"column":30},"end":{"line":59,"column":60}},"25":{"start":{"line":60,"column":4},"end":{"line":60,"column":53}},"26":{"start":{"line":62,"column":4},"end":{"line":62,"column":52}},"27":{"start":{"line":63,"column":4},"end":{"line":63,"column":83}},"28":{"start":{"line":67,"column":0},"end":{"line":79,"column":2}},"29":{"start":{"line":68,"column":22},"end":{"line":68,"column":47}},"30":{"start":{"line":69,"column":4},"end":{"line":71,"column":5}},"31":{"start":{"line":70,"column":6},"end":{"line":70,"column":87}},"32":{"start":{"line":70,"column":71},"end":{"line":70,"column":82}},"33":{"start":{"line":72,"column":2},"end":{"line":78,"column":3}},"34":{"start":{"line":73,"column":27},"end":{"line":73,"column":98}},"35":{"start":{"line":74,"column":4},"end":{"line":74,"column":87}},"36":{"start":{"line":74,"column":25},"end":{"line":74,"column":87}},"37":{"start":{"line":75,"column":4},"end":{"line":75,"column":41}},"38":{"start":{"line":77,"column":4},"end":{"line":77,"column":78}},"39":{"start":{"line":81,"column":0},"end":{"line":89,"column":2}},"40":{"start":{"line":82,"column":2},"end":{"line":88,"column":3}},"41":{"start":{"line":83,"column":27},"end":{"line":83,"column":73}},"42":{"start":{"line":84,"column":4},"end":{"line":84,"column":87}},"43":{"start":{"line":84,"column":25},"end":{"line":84,"column":87}},"44":{"start":{"line":85,"column":4},"end":{"line":85,"column":70}},"45":{"start":{"line":87,"column":4},"end":{"line":87,"column":78}},"46":{"start":{"line":90,"column":0},"end":{"line":98,"column":2}},"47":{"start":{"line":91,"column":2},"end":{"line":97,"column":3}},"48":{"start":{"line":92,"column":18},"end":{"line":92,"column":48}},"49":{"start":{"line":93,"column":4},"end":{"line":93,"column":36}},"50":{"start":{"line":95,"column":4},"end":{"line":95,"column":56}},"51":{"start":{"line":96,"column":4},"end":{"line":96,"column":66}}},"fnMap":{"0":{"name":"(anonymous_0)","decl":{"start":{"line":5,"column":25},"end":{"line":5,"column":26}},"loc":{"start":{"line":5,"column":45},"end":{"line":14,"column":1}},"line":5},"1":{"name":"(anonymous_1)","decl":{"start":{"line":15,"column":25},"end":{"line":15,"column":26}},"loc":{"start":{"line":15,"column":45},"end":{"line":40,"column":1}},"line":15},"2":{"name":"(anonymous_2)","decl":{"start":{"line":42,"column":24},"end":{"line":42,"column":25}},"loc":{"start":{"line":42,"column":44},"end":{"line":65,"column":1}},"line":42},"3":{"name":"(anonymous_3)","decl":{"start":{"line":67,"column":24},"end":{"line":67,"column":25}},"loc":{"start":{"line":67,"column":44},"end":{"line":79,"column":1}},"line":67},"4":{"name":"(anonymous_4)","decl":{"start":{"line":70,"column":62},"end":{"line":70,"column":63}},"loc":{"start":{"line":70,"column":71},"end":{"line":70,"column":82}},"line":70},"5":{"name":"(anonymous_5)","decl":{"start":{"line":81,"column":24},"end":{"line":81,"column":25}},"loc":{"start":{"line":81,"column":44},"end":{"line":89,"column":1}},"line":81},"6":{"name":"(anonymous_6)","decl":{"start":{"line":90,"column":26},"end":{"line":90,"column":27}},"loc":{"start":{"line":90,"column":46},"end":{"line":98,"column":1}},"line":90}},"branchMap":{"0":{"loc":{"start":{"line":20,"column":4},"end":{"line":22,"column":5}},"type":"if","locations":[{"start":{"line":20,"column":4},"end":{"line":22,"column":5}},{"start":{},"end":{}}],"line":20},"1":{"loc":{"start":{"line":31,"column":4},"end":{"line":33,"column":5}},"type":"if","locations":[{"start":{"line":31,"column":4},"end":{"line":33,"column":5}},{"start":{},"end":{}}],"line":31},"2":{"loc":{"start":{"line":52,"column":14},"end":{"line":52,"column":46}},"type":"binary-expr","locations":[{"start":{"line":52,"column":14},"end":{"line":52,"column":29}},{"start":{"line":52,"column":33},"end":{"line":52,"column":46}}],"line":52},"3":{"loc":{"start":{"line":69,"column":4},"end":{"line":71,"column":5}},"type":"if","locations":[{"start":{"line":69,"column":4},"end":{"line":71,"column":5}},{"start":{},"end":{}}],"line":69},"4":{"loc":{"start":{"line":74,"column":4},"end":{"line":74,"column":87}},"type":"if","locations":[{"start":{"line":74,"column":4},"end":{"line":74,"column":87}},{"start":{},"end":{}}],"line":74},"5":{"loc":{"start":{"line":84,"column":4},"end":{"line":84,"column":87}},"type":"if","locations":[{"start":{"line":84,"column":4},"end":{"line":84,"column":87}},{"start":{},"end":{}}],"line":84}},"s":{"0":1,"1":1,"2":1,"3":1,"4":0,"5":0,"6":0,"7":0,"8":0,"9":1,"10":1,"11":1,"12":1,"13":1,"14":0,"15":0,"16":0,"17":0,"18":0,"19":0,"20":1,"21":0,"22":0,"23":0,"24":0,"25":0,"26":0,"27":0,"28":1,"29":1,"30":0,"31":0,"32":0,"33":0,"34":0,"35":0,"36":0,"37":0,"38":0,"39":1,"40":0,"41":0,"42":0,"43":0,"44":0,"45":0,"46":1,"47":0,"48":0,"49":0,"50":0,"51":0},"f":{"0":0,"1":1,"2":0,"3":1,"4":0,"5":0,"6":0},"b":{"0":[1,0],"1":[0,0],"2":[0,0],"3":[0,0],"4":[0,0],"5":[0,0]},"_coverageSchema":"1a1c01bbd47fc00a2c39e90264f33305004495a9","hash":"54bf630a9b00f8a844a61a89493d104f111f25fb"}
,"D:\\fac\\4a\\devops\\project-management-platform\\Server\\controllers\\SkillsController.js": {"path":"D:\\fac\\4a\\devops\\project-management-platform\\Server\\controllers\\SkillsController.js","statementMap":{"0":{"start":{"line":1,"column":14},"end":{"line":1,"column":41}},"1":{"start":{"line":2,"column":47},"end":{"line":2,"column":88}},"2":{"start":{"line":4,"column":0},"end":{"line":12,"column":2}},"3":{"start":{"line":5,"column":2},"end":{"line":11,"column":3}},"4":{"start":{"line":6,"column":19},"end":{"line":6,"column":37}},"5":{"start":{"line":7,"column":4},"end":{"line":7,"column":33}},"6":{"start":{"line":9,"column":4},"end":{"line":9,"column":61}},"7":{"start":{"line":10,"column":4},"end":{"line":10,"column":74}},"8":{"start":{"line":14,"column":0},"end":{"line":23,"column":2}},"9":{"start":{"line":15,"column":2},"end":{"line":22,"column":3}},"10":{"start":{"line":16,"column":18},"end":{"line":16,"column":83}},"11":{"start":{"line":17,"column":4},"end":{"line":17,"column":92}},"12":{"start":{"line":17,"column":16},"end":{"line":17,"column":92}},"13":{"start":{"line":18,"column":4},"end":{"line":18,"column":32}},"14":{"start":{"line":20,"column":4},"end":{"line":20,"column":62}},"15":{"start":{"line":21,"column":4},"end":{"line":21,"column":74}},"16":{"start":{"line":25,"column":0},"end":{"line":52,"column":2}},"17":{"start":{"line":26,"column":2},"end":{"line":26,"column":56}},"18":{"start":{"line":27,"column":2},"end":{"line":27,"column":58}},"19":{"start":{"line":29,"column":20},"end":{"line":29,"column":43}},"20":{"start":{"line":30,"column":2},"end":{"line":33,"column":3}},"21":{"start":{"line":31,"column":4},"end":{"line":31,"column":53}},"22":{"start":{"line":32,"column":4},"end":{"line":32,"column":85}},"23":{"start":{"line":32,"column":69},"end":{"line":32,"column":80}},"24":{"start":{"line":35,"column":2},"end":{"line":38,"column":3}},"25":{"start":{"line":36,"column":4},"end":{"line":36,"column":69}},"26":{"start":{"line":37,"column":4},"end":{"line":37,"column":71}},"27":{"start":{"line":40,"column":2},"end":{"line":51,"column":3}},"28":{"start":{"line":41,"column":4},"end":{"line":41,"column":84}},"29":{"start":{"line":42,"column":21},"end":{"line":45,"column":6}},"30":{"start":{"line":46,"column":4},"end":{"line":46,"column":26}},"31":{"start":{"line":47,"column":4},"end":{"line":47,"column":35}},"32":{"start":{"line":49,"column":4},"end":{"line":49,"column":67}},"33":{"start":{"line":50,"column":4},"end":{"line":50,"column":84}},"34":{"start":{"line":75,"column":0},"end":{"line":97,"column":2}},"35":{"start":{"line":76,"column":20},"end":{"line":76,"column":49}},"36":{"start":{"line":77,"column":2},"end":{"line":80,"column":3}},"37":{"start":{"line":78,"column":4},"end":{"line":78,"column":53}},"38":{"start":{"line":79,"column":4},"end":{"line":79,"column":85}},"39":{"start":{"line":79,"column":69},"end":{"line":79,"column":80}},"40":{"start":{"line":82,"column":2},"end":{"line":96,"column":3}},"41":{"start":{"line":83,"column":4},"end":{"line":83,"column":77}},"42":{"start":{"line":84,"column":18},"end":{"line":84,"column":83}},"43":{"start":{"line":85,"column":4},"end":{"line":85,"column":92}},"44":{"start":{"line":85,"column":16},"end":{"line":85,"column":92}},"45":{"start":{"line":87,"column":25},"end":{"line":91,"column":5}},"46":{"start":{"line":92,"column":4},"end":{"line":92,"column":39}},"47":{"start":{"line":94,"column":4},"end":{"line":94,"column":56}},"48":{"start":{"line":95,"column":4},"end":{"line":95,"column":84}},"49":{"start":{"line":98,"column":0},"end":{"line":109,"column":2}},"50":{"start":{"line":99,"column":2},"end":{"line":108,"column":3}},"51":{"start":{"line":100,"column":18},"end":{"line":100,"column":83}},"52":{"start":{"line":101,"column":4},"end":{"line":101,"column":92}},"53":{"start":{"line":101,"column":16},"end":{"line":101,"column":92}},"54":{"start":{"line":104,"column":4},"end":{"line":104,"column":68}},"55":{"start":{"line":106,"column":4},"end":{"line":106,"column":56}},"56":{"start":{"line":107,"column":4},"end":{"line":107,"column":84}},"57":{"start":{"line":112,"column":0},"end":{"line":132,"column":2}},"58":{"start":{"line":113,"column":2},"end":{"line":113,"column":57}},"59":{"start":{"line":114,"column":2},"end":{"line":114,"column":41}},"60":{"start":{"line":116,"column":2},"end":{"line":119,"column":3}},"61":{"start":{"line":117,"column":4},"end":{"line":117,"column":88}},"62":{"start":{"line":118,"column":4},"end":{"line":118,"column":71}},"63":{"start":{"line":121,"column":2},"end":{"line":131,"column":3}},"64":{"start":{"line":122,"column":19},"end":{"line":122,"column":61}},"65":{"start":{"line":123,"column":4},"end":{"line":123,"column":66}},"66":{"start":{"line":124,"column":4},"end":{"line":126,"column":5}},"67":{"start":{"line":125,"column":6},"end":{"line":125,"column":92}},"68":{"start":{"line":127,"column":4},"end":{"line":127,"column":33}},"69":{"start":{"line":129,"column":4},"end":{"line":129,"column":73}},"70":{"start":{"line":130,"column":4},"end":{"line":130,"column":74}}},"fnMap":{"0":{"name":"(anonymous_0)","decl":{"start":{"line":4,"column":23},"end":{"line":4,"column":24}},"loc":{"start":{"line":4,"column":43},"end":{"line":12,"column":1}},"line":4},"1":{"name":"(anonymous_1)","decl":{"start":{"line":14,"column":23},"end":{"line":14,"column":24}},"loc":{"start":{"line":14,"column":43},"end":{"line":23,"column":1}},"line":14},"2":{"name":"(anonymous_2)","decl":{"start":{"line":25,"column":22},"end":{"line":25,"column":23}},"loc":{"start":{"line":25,"column":42},"end":{"line":52,"column":1}},"line":25},"3":{"name":"(anonymous_3)","decl":{"start":{"line":32,"column":60},"end":{"line":32,"column":61}},"loc":{"start":{"line":32,"column":69},"end":{"line":32,"column":80}},"line":32},"4":{"name":"(anonymous_4)","decl":{"start":{"line":75,"column":22},"end":{"line":75,"column":23}},"loc":{"start":{"line":75,"column":42},"end":{"line":97,"column":1}},"line":75},"5":{"name":"(anonymous_5)","decl":{"start":{"line":79,"column":60},"end":{"line":79,"column":61}},"loc":{"start":{"line":79,"column":69},"end":{"line":79,"column":80}},"line":79},"6":{"name":"(anonymous_6)","decl":{"start":{"line":98,"column":22},"end":{"line":98,"column":23}},"loc":{"start":{"line":98,"column":42},"end":{"line":109,"column":1}},"line":98},"7":{"name":"(anonymous_7)","decl":{"start":{"line":112,"column":
[...]
:7}},"33":{"start":{"line":95,"column":4},"end":{"line":95,"column":70}},"34":{"start":{"line":100,"column":0},"end":{"line":121,"column":2}},"35":{"start":{"line":101,"column":2},"end":{"line":120,"column":3}},"36":{"start":{"line":102,"column":25},"end":{"line":102,"column":67}},"37":{"start":{"line":104,"column":4},"end":{"line":106,"column":5}},"38":{"start":{"line":105,"column":6},"end":{"line":105,"column":90}},"39":{"start":{"line":109,"column":4},"end":{"line":111,"column":5}},"40":{"start":{"line":110,"column":6},"end":{"line":110,"column":122}},"41":{"start":{"line":113,"column":4},"end":{"line":113,"column":35}},"42":{"start":{"line":116,"column":4},"end":{"line":116,"column":33}},"43":{"start":{"line":118,"column":4},"end":{"line":118,"column":57}},"44":{"start":{"line":119,"column":4},"end":{"line":119,"column":77}},"45":{"start":{"line":124,"column":0},"end":{"line":165,"column":2}},"46":{"start":{"line":125,"column":2},"end":{"line":164,"column":3}},"47":{"start":{"line":126,"column":4},"end":{"line":126,"column":103}},"48":{"start":{"line":129,"column":4},"end":{"line":135,"column":5}},"49":{"start":{"line":130,"column":6},"end":{"line":130,"column":49}},"50":{"start":{"line":131,"column":6},"end":{"line":134,"column":9}},"51":{"start":{"line":137,"column":4},"end":{"line":137,"column":78}},"52":{"start":{"line":140,"column":4},"end":{"line":156,"column":5}},"53":{"start":{"line":141,"column":21},"end":{"line":141,"column":79}},"54":{"start":{"line":142,"column":6},"end":{"line":142,"column":60}},"55":{"start":{"line":144,"column":6},"end":{"line":148,"column":9}},"56":{"start":{"line":150,"column":6},"end":{"line":150,"column":76}},"57":{"start":{"line":151,"column":6},"end":{"line":155,"column":9}},"58":{"start":{"line":158,"column":4},"end":{"line":158,"column":71}},"59":{"start":{"line":159,"column":4},"end":{"line":163,"column":7}}},"fnMap":{"0":{"name":"(anonymous_0)","decl":{"start":{"line":5,"column":29},"end":{"line":5,"column":30}},"loc":{"start":{"line":5,"column":45},"end":{"line":39,"column":1}},"line":5},"1":{"name":"(anonymous_1)","decl":{"start":{"line":42,"column":27},"end":{"line":42,"column":28}},"loc":{"start":{"line":42,"column":47},"end":{"line":54,"column":1}},"line":42},"2":{"name":"(anonymous_2)","decl":{"start":{"line":57,"column":21},"end":{"line":57,"column":22}},"loc":{"start":{"line":57,"column":41},"end":{"line":80,"column":1}},"line":57},"3":{"name":"(anonymous_3)","decl":{"start":{"line":83,"column":24},"end":{"line":83,"column":25}},"loc":{"start":{"line":83,"column":44},"end":{"line":97,"column":1}},"line":83},"4":{"name":"(anonymous_4)","decl":{"start":{"line":100,"column":29},"end":{"line":100,"column":30}},"loc":{"start":{"line":100,"column":49},"end":{"line":121,"column":1}},"line":100},"5":{"name":"(anonymous_5)","decl":{"start":{"line":124,"column":32},"end":{"line":124,"column":33}},"loc":{"start":{"line":124,"column":52},"end":{"line":165,"column":1}},"line":124}},"branchMap":{"0":{"loc":{"start":{"line":32,"column":49},"end":{"line":32,"column":79}},"type":"cond-expr","locations":[{"start":{"line":32,"column":59},"end":{"line":32,"column":68}},{"start":{"line":32,"column":71},"end":{"line":32,"column":79}}],"line":32},"1":{"loc":{"start":{"line":61,"column":4},"end":{"line":63,"column":5}},"type":"if","locations":[{"start":{"line":61,"column":4},"end":{"line":63,"column":5}},{"start":{},"end":{}}],"line":61},"2":{"loc":{"start":{"line":66,"column":4},"end":{"line":68,"column":5}},"type":"if","locations":[{"start":{"line":66,"column":4},"end":{"line":68,"column":5}},{"start":{},"end":{}}],"line":66},"3":{"loc":{"start":{"line":104,"column":4},"end":{"line":106,"column":5}},"type":"if","locations":[{"start":{"line":104,"column":4},"end":{"line":106,"column":5}},{"start":{},"end":{}}],"line":104},"4":{"loc":{"start":{"line":109,"column":4},"end":{"line":111,"column":5}},"type":"if","locations":[{"start":{"line":109,"column":4},"end":{"line":111,"column":5}},{"start":{},"end":{}}],"line":109},"5":{"loc":{"start":{"line":126,"column":59},"end":{"line":126,"column":101}},"type":"cond-expr","locations":[{"start":{"line":126,"column":70},"end":{"line":126,"column":82}},{"start":{"line":126,"column":85},"end":{"line":126,"column":101}}],"line":126},"6":{"loc":{"start":{"line":129,"column":4},"end":{"line":135,"column":5}},"type":"if","locations":[{"start":{"line":129,"column":4},"end":{"line":135,"column":5}},{"start":{},"end":{}}],"line":129},"7":{"loc":{"start":{"line":129,"column":8},"end":{"line":129,"column":34}},"type":"binary-expr","locations":[{"start":{"line":129,"column":8},"end":{"line":129,"column":17}},{"start":{"line":129,"column":21},"end":{"line":129,"column":34}}],"line":129},"8":{"loc":{"start":{"line":162,"column":13},"end":{"line":162,"column":77}},"type":"cond-expr","locations":[{"start":{"line":162,"column":54},"end":{"line":162,"column":65}},{"start":{"line":162,"column":68},"end":{"line":162,"column":77}}],"line":162}},"s":{"0":1,"1":1,"2":1,"3":0,"4":0,"5":0,"6":0,"7":0,"8":0,"9":0,"10":0,"11":0,"12":0,"13":1,"14":0,"15":0,"16":0,"17":0,"18":1,"19":0,"20":0,"21":0,"22":0,"23":0,"24":0,"25":0,"26":0,"27":0,"28":0,"29":1,"30":0,"31":0,"32":0,"33":0,"34":1,"35":0,"36":0,"37":0,"38":0,"39":0,"40":0,"41":0,"42":0,"43":0,"44":0,"45":1,"46":0,"47":0,"48":0,"49":0,"50":0,"51":0,"52":0,"53":0,"54":0,"55":0,"56":0,"57":0,"58":0,"59":0},"f":{"0":0,"1":0,"2":0,"3":0,"4":0,"5":0},"b":{"0":[0,0],"1":[0,0],"2":[0,0],"3":[0,0],"4":[0,0],"5":[0,0],"6":[0,0],"7":[0,0],"8":[0,0]},"_coverageSchema":"1a1c01bbd47fc00a2c39e90264f33305004495a9","hash":"c017c0fc3b2ce9187e93a0b4759faab27d3a0f0d"}
,"D:\\fac\\4a\\devops\\project-management-platform\\Server\\models\\Certifications.js": {"path":"D:\\fac\\4a\\devops\\project-management-platform\\Server\\models\\Certifications.js","statementMap":{"0":{"start":{"line":1,"column":17},"end":{"line":1,"column":36}},"1":{"start":{"line":3,"column":28},"end":{"line":28,"column":2}},"2":{"start":{"line":30,"column":0},"end":{"line":30,"column":70}}},"fnMap":{},"branchMap":{},"s":{"0":1,"1":1,"2":1},"f":{},"b":{},"_coverageSchema":"1a1c01bbd47fc00a2c39e90264f33305004495a9","hash":"84a8ea413b097ec33eb2dec16e692d538bac299d"}
,"D:\\fac\\4a\\devops\\project-management-platform\\Server\\models\\Experience.js": {"path":"D:\\fac\\4a\\devops\\project-management-platform\\Server\\models\\Experience.js","statementMap":{"0":{"start":{"line":1,"column":17},"end":{"line":1,"column":36}},"1":{"start":{"line":3,"column":25},"end":{"line":70,"column":2}},"2":{"start":{"line":72,"column":0},"end":{"line":72,"column":64}}},"fnMap":{},"branchMap":{},"s":{"0":1,"1":1,"2":1},"f":{},"b":{},"_coverageSchema":"1a1c01bbd47fc00a2c39e90264f33305004495a9","hash":"d897b1a8659f136dba07f715a2335f009b43988f"}
,"D:\\fac\\4a\\devops\\project-management-platform\\Server\\models\\Invitation.js": {"path":"D:\\fac\\4a\\devops\\project-management-platform\\Server\\models\\Invitation.js","statementMap":{"0":{"start":{"line":1,"column":17},"end":{"line":1,"column":36}},"1":{"start":{"line":3,"column":25},"end":{"line":37,"column":1}},"2":{"start":{"line":39,"column":0},"end":{"line":39,"column":64}}},"fnMap":{},"branchMap":{},"s":{"0":1,"1":1,"2":1},"f":{},"b":{},"_coverageSchema":"1a1c01bbd47fc00a2c39e90264f33305004495a9","hash":"e315172f0b4a1f9ad276f1ed3d6d67ed7ca1be1f"}
,"D:\\fac\\4a\\devops\\project-management-platform\\Server\\models\\Message.js": {"path":"D:\\fac\\4a\\devops\\project-management-platform\\Server\\models\\Message.js","statementMap":{"0":{"start":{"line":1,"column":17},"end":{"line":1,"column":36}},"1":{"start":{"line":3,"column":22},"end":{"line":34,"column":1}},"2":{"start":{"line":36,"column":0},"end":{"line":36,"column":58}}},"fnMap":{},"branchMap":{},"s":{"0":1,"1":1,"2":1},"f":{},"b":{},"_coverageSchema":"1a1c01bbd47fc00a2c39e90264f33305004495a9","hash":"355cc81ee1adba3bf8d66e7fd13045492854fedf"}
,"D:\\fac\\4a\\devops\\project-management-platform\\Server\\models\\Notification.js": {"path":"D:\\fac\\4a\\devops\\project-management-platform\\Server\\models\\Notification.js","statementMap":{"0":{"start":{"line":1,"column":17},"end":{"line":1,"column":36}},"1":{"start":{"line":3,"column":27},"end":{"line":44,"column":1}},"2":{"start":{"line":46,"column":0},"end":{"line":46,"column":68}}},"fnMap":{},"branchMap":{},"s":{"0":1,"1":1,"2":1},"f":{},"b":{},"_coverageSchema":"1a1c01bbd47fc00a2c39e90264f33305004495a9","hash":"0c03a88a3c58891fbc87898acd9ce1b959bb58aa"}
,"D:\\fac\\4a\\devops\\project-management-platform\\Server\\models\\Project.js": {"path":"D:\\fac\\4a\\devops\\project-management-platform\\Server\\models\\Project.js","statementMap":{"0":{"start":{"line":1,"column":17},"end":{"line":1,"column":36}},"1":{"start":{"line":3,"column":22},"end":{"line":58,"column":1}},"2":{"start":{"line":61,"column":0},"end":{"line":61,"column":89}},"3":{"start":{"line":63,"column":0},"end":{"line":63,"column":58}}},"fnMap":{},"branchMap":{},"s":{"0":3,"1":3,"2":3,"3":3},"f":{},"b":{},"_coverageSchema":"1a1c01bbd47fc00a2c39e90264f33305004495a9","hash":"247b749d813891ff47f44e2687990be6e2eacd25"}
,"D:\\fac\\4a\\devops\\project-management-platform\\Server\\models\\Skills.js": {"path":"D:\\fac\\4a\\devops\\project-management-platform\\Server\\models\\Skills.js","statementMap":{"0":{"start":{"line":1,"column":17},"end":{"line":1,"column":36}},"1":{"start":{"line":3,"column":20},"end":{"line":32,"column":2}},"2":{"start":{"line":34,"column":0},"end":{"line":34,"column":54}}},"fnMap":{},"branchMap":{},"s":{"0":1,"1":1,"2":1},"f":{},"b":{},"_coverageSchema":"1a1c01bbd47fc00a2c39e90264f33305004495a9","hash":"71d02f0e160cc3546a9913bed2eaa649474ab81d"}
,"D:\\fac\\4a\\devops\\project-management-platform\\Server\\models\\Task.js": {"path":"D:\\fac\\4a\\devops\\project-management-platform\\Server\\models\\Task.js","statementMap":{"0":{"start":{"line":1,"column":17},"end":{"line":1,"column":36}},"1":{"start":{"line":3,"column":19},"end":{"line":51,"column":2}},"2":{"start":{"line":53,"column":13},"end":{"line":53,"column":47}},"3":{"start":{"line":55,"column":0},"end":{"line":55,"column":22}}},"fnMap":{},"branchMap":{},"s":{"0":2,"1":2,"2":2,"3":2},"f":{},"b":{},"_coverageSchema":"1a1c01bbd47fc00a2c39e90264f33305004495a9","hash":"35438304b31acf6347de44f08647730990ad351d"}
,"D:\\fac\\4a\\devops\\project-management-platform\\Server\\models\\User.js": {"path":"D:\\fac\\4a\\devops\\project-management-platform\\Server\\models\\User.js","statementMap":{"0":{"start":{"line":1,"column":17},"end":{"line":1,"column":36}},"1":{"start":{"line":3,"column":19},"end":{"line":96,"column":1}},"2":{"start":{"line":20,"column":8},"end":{"line":20,"column":54}},"3":{"start":{"line":98,"column":0},"end":{"line":98,"column":52}}},"fnMap":{"0":{"name":"(anonymous_0)","decl":{"start":{"line":19,"column":16},"end":{"line":19,"column":17}},"loc":{"start":{"line":19,"column":27},"end":{"line":21,"column":7}},"line":19}},"branchMap":{},"s":{"0":2,"1":2,"2":0,"3":2},"f":{"0":0},"b":{},"_coverageSchema":"1a1c01bbd47fc00a2c39e90264f33305004495a9","hash":"cf96537223cb70de743ddc8340db1421692a4bdc"}
,"D:\\fac\\4a\\devops\\project-management-platform\\Server\\models\\Workspace.js": {"path":"D:\\fac\\4a\\devops\\project-management-platform\\Server\\models\\Workspace.js","statementMap":{"0":{"start":{"line":1,"column":17},"end":{"line":1,"column":36}},"1":{"start":{"line":3,"column":24},"end":{"line":35,"column":1}},"2":{"start":{"line":37,"column":0},"end":{"line":37,"column":62}}},"fnMap":{},"branchMap":{},"s":{"0":2,"1":2,"2":2},"f":{},"b":{},"_coverageSchema":"1a1c01bbd47fc00a2c39e90264f33305004495a9","hash":"e03e45952daeda5cb01ebab70b5723b2dd0f148b"}
,"D:\\fac\\4a\\devops\\project-management-platform\\Server\\utils\\sendEmail.js": {"path":"D:\\fac\\4a\\devops\\project-management-platform\\Server\\utils\\sendEmail.js","statementMap":{"0":{"start":{"line":1,"column":19},"end":{"line":1,"column":40}},"1":{"start":{"line":3,"column":18},"end":{"line":60,"column":1}},"2":{"start":{"line":4,"column":24},"end":{"line":12,"column":6}},"3":{"start":{"line":17,"column":4},"end":{"line":50,"column":5}},"4":{"start":{"line":18,"column":8},"end":{"line":32,"column":10}},"5":{"start":{"line":35,"column":8},"end":{"line":49,"column":10}},"6":{"start":{"line":52,"column":24},"end":{"line":57,"column":5}},"7":{"start":{"line":59,"column":4},"end":{"line":59,"column":44}},"8":{"start":{"line":62,"column":0},"end":{"line":62,"column":27}}},"fnMap":{"0":{"name":"(anonymous_0)","decl":{"start":{"line":3,"column":18},"end":{"line":3,"column":19}},"loc":{"start":{"line":3,"column":37},"end":{"line":60,"column":1}},"line":3}},"branchMap":{"0":{"loc":{"start":{"line":17,"column":4},"end":{"line":50,"column":5}},"type":"if","locations":[{"start":{"line":17,"column":4},"end":{"line":50,"column":5}},{"start":{"line":33,"column":11},"end":{"line":50,"column":5}}],"line":17}},"s":{"0":1,"1":1,"2":0,"3":0,"4":0,"5":0,"6":0,"7":0,"8":1},"f":{"0":0},"b":{"0":[0,0]},"_coverageSchema":"1a1c01bbd47fc00a2c39e90264f33305004495a9","hash":"2b2b1d9871ecf618cb1dbe3749145c040df121f1"}
,"D:\\fac\\4a\\devops\\project-management-platform\\Server\\validators\\CertificationsValidators.js": {"path":"D:\\fac\\4a\\devops\\project-management-platform\\Server\\validators\\CertificationsValidators.js","statementMap":{"0":{"start":{"line":1,"column":12},"end":{"line":1,"column":26}},"1":{"start":{"line":3,"column":28},"end":{"line":24,"column":2}},"2":{"start":{"line":26,"column":0},"end":{"line":28,"column":2}},"3":{"start":{"line":27,"column":35},"end":{"line":27,"column":92}}},"fnMap":{"0":{"name":"(anonymous_0)","decl":{"start":{"line":27,"column":25},"end":{"line":27,"column":26}},"loc":{"start":{"line":27,"column":35},"end":{"line":27,"column":92}},"line":27}},"branchMap":{},"s":{"0":1,"1":1,"2":1,"3":0},"f":{"0":0},"b":{},"_coverageSchema":"1a1c01bbd47fc00a2c39e90264f33305004495a9","hash":"f8258718bba2f50e31b6b5b6d3c70c5ffef0dd4e"}
,"D:\\fac\\4a\\devops\\project-management-platform\\Server\\validators\\SkillsValidators.js": {"path":"D:\\fac\\4a\\devops\\project-management-platform\\Server\\validators\\SkillsValidators.js","statementMap":{"0":{"start":{"line":1,"column":12},"end":{"line":1,"column":26}},"1":{"start":{"line":3,"column":20},"end":{"line":21,"column":2}},"2":{"start":{"line":23,"column":26},"end":{"line":30,"column":2}},"3":{"start":{"line":32,"column":0},"end":{"line":35,"column":2}},"4":{"start":{"line":33,"column":27},"end":{"line":33,"column":76}},"5":{"start":{"line":34,"column":33},"end":{"line":34,"column":88}}},"fnMap":{"0":{"name":"(anonymous_0)","decl":{"start":{"line":33,"column":17},"end":{"line":33,"column":18}},"loc":{"start":{"line":33,"column":27},"end":{"line":33,"column":76}},"line":33},"1":{"name":"(anonymous_1)","decl":{"start":{"line":34,"column":23},"end":{"line":34,"column":24}},"loc":{"start":{"line":34,"column":33},"end":{"line":34,"column":88}},"line":34}},"branchMap":{},"s":{"0":1,"1":1,"2":1,"3":1,"4":0,"5":0},"f":{"0":0,"1":0},"b":{},"_coverageSchema":"1a1c01bbd47fc00a2c39e90264f33305004495a9","hash":"69f04297dfede37e28d862d03ca5450cdb97d316"}
,"D:\\fac\\4a\\devops\\project-management-platform\\Server\\validators\\WorkspaceValidator.js": {"path":"D:\\fac\\4a\\devops\\project-management-platform\\Server\\validators\\WorkspaceValidator.js","statementMap":{"0":{"start":{"line":1,"column":12},"end":{"line":1,"column":26}},"1":{"start":{"line":3,"column":24},"end":{"line":31,"column":2}},"2":{"start":{"line":33,"column":0},"end":{"line":35,"column":2}},"3":{"start":{"line":34,"column":31},"end":{"line":34,"column":84}}},"fnMap":{"0":{"name":"(anonymous_0)","decl":{"start":{"line":34,"column":21},"end":{"line":34,"column":22}},"loc":{"start":{"line":34,"column":31},"end":{"line":34,"column":84}},"line":34}},"branchMap":{},"s":{"0":1,"1":1,"2":1,"3":0},"f":{"0":0},"b":{},"_coverageSchema":"1a1c01bbd47fc00a2c39e90264f33305004495a9","hash":"f8bb844dae3de9e180ca6629650d90d9b8e64750"}
,"D:\\fac\\4a\\devops\\project-management-platform\\Server\\validators\\experienceValidator.js": {"path":"D:\\fac\\4a\\devops\\project-management-platform\\Server\\validators\\experienceValidator.js","statementMap":{"0":{"start":{"line":1,"column":12},"end":{"line":1,"column":26}},"1":{"start":{"line":3,"column":27},"end":{"line":88,"column":1}},"2":{"start":{"line":4,"column":17},"end":{"line":85,"column":4}},"3":{"start":{"line":87,"column":2},"end":{"line":87,"column":54}},"4":{"start":{"line":90,"column":0},"end":{"line":90,"column":40}}},"fnMap":{"0":{"name":"(anonymous_0)","decl":{"start":{"line":3,"column":27},"end":{"line":3,"column":28}},"loc":{"start":{"line":3,"column":37},"end":{"line":88,"column":1}},"line":3}},"branchMap":{},"s":{"0":1,"1":1,"2":0,"3":0,"4":1},"f":{"0":0},"b":{},"_coverageSchema":"1a1c01bbd47fc00a2c39e90264f33305004495a9","hash":"be32223a08b735bf4bf83ff36a01cd55b1a6f86b"}
,"D:\\fac\\4a\\devops\\project-management-platform\\Server\\validators\\taskValidator.js": {"path":"D:\\fac\\4a\\devops\\project-management-platform\\Server\\validators\\taskValidator.js","statementMap":{"0":{"start":{"line":1,"column":12},"end":{"line":1,"column":26}},"1":{"start":{"line":3,"column":22},"end":{"line":150,"column":1}},"2":{"start":{"line":152,"column":0},"end":{"line":152,"column":31}}},"fnMap":{},"branchMap":{},"s":{"0":1,"1":1,"2":1},"f":{},"b":{},"_coverageSchema":"1a1c01bbd47fc00a2c39e90264f33305004495a9","hash":"e97486eead4cc86e73eb7804e5a2d8f47c51471d"}
,"D:\\fac\\4a\\devops\\project-management-platform\\Server\\validators\\validatorProject.js": {"path":"D:\\fac\\4a\\devops\\project-management-platform\\Server\\validators\\validatorProject.js","statementMap":{"0":{"start":{"line":1,"column":12},"end":{"line":1,"column":26}},"1":{"start":{"line":3,"column":22},"end":{"line":24,"column":2}},"2":{"start":{"line":26,"column":0},"end":{"line":35,"column":2}},"3":{"start":{"line":28,"column":4},"end":{"line":28,"column":66}},"4":{"start":{"line":29,"column":19},"end":{"line":29,"column":70}},"5":{"start":{"line":30,"column":4},"end":{"line":32,"column":5}},"6":{"start":{"line":31,"column":6},"end":{"line":31,"column":78}},"7":{"start":{"line":33,"column":4},"end":{"line":33,"column":18}}},"fnMap":{"0":{"name":"(anonymous_0)","decl":{"start":{"line":27,"column":19},"end":{"line":27,"column":20}},"loc":{"start":{"line":27,"column":29},"end":{"line":34,"column":3}},"line":27}},"branchMap":{"0":{"loc":{"start":{"line":30,"column":4},"end":{"line":32,"column":5}},"type":"if","locations":[{"start":{"line":30,"column":4},"end":{"line":32,"column":5}},{"start":{},"end":{}}],"line":30}},"s":{"0":2,"1":2,"2":2,"3":0,"4":0,"5":0,"6":0,"7":0},"f":{"0":0},"b":{"0":[0,0]},"_coverageSchema":"1a1c01bbd47fc00a2c39e90264f33305004495a9","hash":"464d4d6c702c9cca87d67a6040753d29bb08120b"}
,"D:\\fac\\4a\\devops\\project-management-platform\\Server\\validators\\validators.js": {"path":"D:\\fac\\4a\\devops\\project-management-platform\\Server\\validators\\validators.js","statementMap":{"0":{"start":{"line":2,"column":12},"end":{"line":2,"column":26}},"1":{"start":{"line":5,"column":19},"end":{"line":68,"column":2}},"2":{"start":{"line":70,"column":25},"end":{"line":102,"column":2}},"3":{"start":{"line":105,"column":0},"end":{"line":108,"column":2}},"4":{"start":{"line":106,"column":26},"end":{"line":106,"column":74}},"5":{"start":{"line":107,"column":32},"end":{"line":107,"column":86}}},"fnMap":{"0":{"name":"(anonymous_0)","decl":{"start":{"line":106,"column":16},"end":{"line":106,"column":17}},"loc":{"start":{"line":106,"column":26},"end":{"line":106,"column":74}},"line":106},"1":{"name":"(anonymous_1)","decl":{"start":{"line":107,"column":22},"end":{"line":107,"column":23}},"loc":{"start":{"line":107,"column":32},"end":{"line":107,"column":86}},"line":107}},"branchMap":{},"s":{"0":1,"1":1,"2":1,"3":1,"4":4,"5":0},"f":{"0":4,"1":0},"b":{},"_coverageSchema":"1a1c01bbd47fc00a2c39e90264f33305004495a9","hash":"09e852a570d03246758d3832926092aefebbab41"}
}
