TN:
SF:Socket.js
FN:7,(anonymous_0)
FN:20,(anonymous_1)
FN:53,(anonymous_2)
FN:57,(anonymous_3)
FN:70,(anonymous_4)
FN:72,(anonymous_5)
FN:83,(anonymous_6)
FN:89,(anonymous_7)
FN:96,(anonymous_8)
FN:106,(anonymous_9)
FN:114,(anonymous_10)
FNF:11
FNH:0
FNDA:0,(anonymous_0)
FNDA:0,(anonymous_1)
FNDA:0,(anonymous_2)
FNDA:0,(anonymous_3)
FNDA:0,(anonymous_4)
FNDA:0,(anonymous_5)
FNDA:0,(anonymous_6)
FNDA:0,(anonymous_7)
FNDA:0,(anonymous_8)
FNDA:0,(anonymous_9)
FNDA:0,(anonymous_10)
DA:1,2
DA:2,2
DA:3,2
DA:7,2
DA:8,0
DA:10,0
DA:20,0
DA:21,0
DA:23,0
DA:25,0
DA:30,0
DA:32,0
DA:34,0
DA:35,0
DA:36,0
DA:37,0
DA:41,0
DA:42,0
DA:43,0
DA:44,0
DA:46,0
DA:47,0
DA:49,0
DA:53,0
DA:54,0
DA:57,0
DA:59,0
DA:60,0
DA:61,0
DA:64,0
DA:66,0
DA:70,0
DA:72,0
DA:73,0
DA:74,0
DA:78,0
DA:79,0
DA:80,0
DA:83,0
DA:84,0
DA:85,0
DA:86,0
DA:89,0
DA:90,0
DA:96,0
DA:97,0
DA:101,0
DA:102,0
DA:106,2
DA:107,0
DA:108,0
DA:110,0
DA:114,2
DA:115,0
DA:116,0
DA:117,0
DA:118,0
DA:121,0
DA:122,0
DA:124,0
DA:125,0
DA:128,2
LF:62
LH:7
BRDA:12,0,0,0
BRDA:12,0,1,0
BRDA:25,1,0,0
BRDA:25,1,1,0
BRDA:34,2,0,0
BRDA:34,2,1,0
BRDA:54,3,0,0
BRDA:54,3,1,0
BRDA:59,4,0,0
BRDA:59,4,1,0
BRDA:59,5,0,0
BRDA:59,5,1,0
BRDA:73,6,0,0
BRDA:73,6,1,0
BRDA:107,7,0,0
BRDA:107,7,1,0
BRDA:116,8,0,0
BRDA:116,8,1,0
BRDA:124,9,0,0
BRDA:124,9,1,0
BRF:20
BRH:0
end_of_record
TN:
SF:controllers\AuthController.js
FN:13,(anonymous_0)
FN:54,(anonymous_1)
FN:58,(anonymous_2)
FN:108,(anonymous_3)
FN:143,(anonymous_4)
FN:180,(anonymous_5)
FN:181,(anonymous_6)
FN:192,(anonymous_7)
FN:222,(anonymous_8)
FN:244,(anonymous_9)
FN:309,(anonymous_10)
FN:327,(anonymous_11)
FN:394,(anonymous_12)
FN:449,(anonymous_13)
FN:483,(anonymous_14)
FN:516,(anonymous_15)
FNF:16
FNH:9
FNDA:4,(anonymous_0)
FNDA:4,(anonymous_1)
FNDA:7,(anonymous_2)
FNDA:1,(anonymous_3)
FNDA:5,(anonymous_4)
FNDA:3,(anonymous_5)
FNDA:3,(anonymous_6)
FNDA:3,(anonymous_7)
FNDA:0,(anonymous_8)
FNDA:0,(anonymous_9)
FNDA:0,(anonymous_10)
FNDA:0,(anonymous_11)
FNDA:3,(anonymous_12)
FNDA:0,(anonymous_13)
FNDA:0,(anonymous_14)
FNDA:0,(anonymous_15)
DA:1,1
DA:2,1
DA:3,1
DA:4,1
DA:5,1
DA:6,1
DA:9,1
DA:13,1
DA:14,4
DA:16,4
DA:17,4
DA:18,3
DA:19,1
DA:22,2
DA:23,2
DA:24,1
DA:27,1
DA:32,1
DA:50,1
DA:54,1
DA:55,4
DA:56,4
DA:57,4
DA:58,7
DA:61,0
DA:63,0
DA:64,0
DA:65,0
DA:68,0
DA:71,0
DA:72,0
DA:74,0
DA:87,0
DA:90,0
DA:98,0
DA:104,0
DA:108,1
DA:109,1
DA:143,1
DA:147,5
DA:148,3
DA:151,2
DA:152,1
DA:154,1
DA:157,4
DA:158,4
DA:159,3
DA:161,3
DA:162,1
DA:165,2
DA:166,0
DA:167,0
DA:168,0
DA:172,2
DA:173,2
DA:175,1
DA:176,1
DA:180,1
DA:181,3
DA:182,3
DA:183,1
DA:185,2
DA:186,1
DA:188,1
DA:192,1
DA:193,3
DA:195,3
DA:196,3
DA:197,2
DA:198,1
DA:201,1
DA:202,1
DA:203,1
DA:204,1
DA:206,1
DA:208,1
DA:215,1
DA:218,1
DA:222,1
DA:223,0
DA:228,0
DA:233,0
DA:234,0
DA:237,0
DA:238,0
DA:240,0
DA:244,1
DA:245,0
DA:246,0
DA:248,0
DA:255,0
DA:256,0
DA:262,0
DA:267,0
DA:273,0
DA:274,0
DA:278,0
DA:279,0
DA:283,0
DA:284,0
DA:290,0
DA:293,0
DA:294,0
DA:295,0
DA:296,0
DA:297,0
DA:299,0
DA:301,0
DA:303,0
DA:304,0
DA:309,1
DA:311,0
DA:313,0
DA:324,0
DA:327,1
DA:328,0
DA:329,0
DA:330,0
DA:333,0
DA:336,0
DA:345,0
DA:350,0
DA:351,0
DA:352,0
DA:359,0
DA:363,0
DA:370,0
DA:380,0
DA:382,0
DA:385,0
DA:386,0
DA:390,0
DA:391,0
DA:394,1
DA:395,3
DA:396,3
DA:399,3
DA:405,3
DA:411,2
DA:412,1
DA:416,1
DA:417,1
DA:418,1
DA:419,1
DA:422,1
DA:428,1
DA:446,1
DA:449,1
DA:450,0
DA:451,0
DA:454,0
DA:457,0
DA:463,0
DA:472,0
DA:475,0
DA:476,0
DA:477,0
DA:479,0
DA:480,0
DA:483,1
DA:484,0
DA:485,0
DA:487,0
DA:488,0
DA:489,0
DA:493,0
DA:498,0
DA:508,0
DA:509,0
DA:510,0
DA:512,0
DA:513,0
DA:516,1
DA:517,0
DA:518,0
DA:519,0
DA:520,0
DA:522,0
DA:523,0
DA:527,0
DA:528,0
DA:529,0
DA:530,0
DA:532,0
DA:533,0
DA:534,0
DA:539,0
DA:540,0
DA:550,0
DA:551,0
DA:552,0
DA:553,0
DA:557,0
DA:558,0
DA:562,0
DA:565,0
DA:566,0
DA:567,0
DA:568,0
DA:569,0
DA:572,0
DA:573,0
DA:574,0
DA:576,0
DA:578,0
DA:582,0
DA:583,0
DA:584,0
DA:585,0
DA:586,0
DA:590,0
DA:591,0
DA:597,0
DA:602,0
DA:603,0
DA:604,0
DA:612,0
DA:613,0
DA:615,0
DA:619,0
DA:620,0
DA:624,0
DA:625,0
DA:627,0
DA:630,0
DA:631,0
DA:641,0
DA:642,0
DA:644,0
DA:645,0
DA:647,0
DA:648,0
DA:651,0
DA:654,0
DA:655,0
DA:656,0
DA:657,0
DA:658,0
DA:659,0
DA:660,0
DA:663,0
DA:668,0
DA:670,0
DA:671,0
DA:672,0
DA:675,0
DA:679,0
DA:680,0
DA:683,0
DA:684,0
DA:685,0
DA:686,0
DA:690,0
DA:691,0
DA:692,0
DA:693,0
DA:696,0
DA:697,0
DA:701,0
DA:714,0
DA:717,0
DA:718,0
DA:721,0
DA:722,0
DA:723,0
DA:724,0
DA:725,0
DA:728,0
DA:733,0
DA:734,0
DA:735,0
DA:738,0
DA:742,0
DA:743,0
DA:749,0
DA:758,0
DA:759,0
DA:761,0
DA:762,0
DA:763,0
LF:280
LH:84
BRDA:18,0,0,1
BRDA:18,0,1,2
BRDA:23,1,0,1
BRDA:23,1,1,1
BRDA:37,2,0,1
BRDA:37,2,1,1
BRDA:57,3,0,4
BRDA:57,3,1,0
BRDA:64,4,0,0
BRDA:64,4,1,0
BRDA:78,5,0,0
BRDA:78,5,1,0
BRDA:79,6,0,0
BRDA:79,6,1,0
BRDA:80,7,0,0
BRDA:80,7,1,0
BRDA:81,8,0,0
BRDA:81,8,1,0
BRDA:110,9,0,1
BRDA:110,9,1,1
BRDA:147,10,0,3
BRDA:147,10,1,2
BRDA:147,11,0,5
BRDA:147,11,1,3
BRDA:151,12,0,1
BRDA:151,12,1,1
BRDA:151,13,0,2
BRDA:151,13,1,2
BRDA:161,14,0,1
BRDA:161,14,1,2
BRDA:165,15,0,0
BRDA:165,15,1,2
BRDA:167,16,0,0
BRDA:167,16,1,0
BRDA:182,17,0,1
BRDA:182,17,1,2
BRDA:185,18,0,1
BRDA:185,18,1,1
BRDA:197,19,0,1
BRDA:197,19,1,1
BRDA:233,20,0,0
BRDA:233,20,1,0
BRDA:255,21,0,0
BRDA:255,21,1,0
BRDA:255,22,0,0
BRDA:255,22,1,0
BRDA:255,22,2,0
BRDA:273,23,0,0
BRDA:273,23,1,0
BRDA:278,24,0,0
BRDA:278,24,1,0
BRDA:283,25,0,0
BRDA:283,25,1,0
BRDA:283,26,0,0
BRDA:283,26,1,0
BRDA:321,27,0,0
BRDA:321,27,1,0
BRDA:330,28,0,0
BRDA:330,28,1,0
BRDA:333,29,0,0
BRDA:333,29,1,0
BRDA:351,30,0,0
BRDA:351,30,1,0
BRDA:373,31,0,0
BRDA:373,31,1,0
BRDA:380,32,0,0
BRDA:380,32,1,0
BRDA:385,33,0,0
BRDA:385,33,1,0
BRDA:411,34,0,1
BRDA:411,34,1,1
BRDA:433,35,0,1
BRDA:433,35,1,1
BRDA:487,36,0,0
BRDA:487,36,1,0
BRDA:522,37,0,0
BRDA:522,37,1,0
BRDA:533,38,0,0
BRDA:533,38,1,0
BRDA:551,39,0,0
BRDA:551,39,1,0
BRDA:565,40,0,0
BRDA:565,40,1,0
BRDA:568,41,0,0
BRDA:568,41,1,0
BRDA:573,42,0,0
BRDA:573,42,1,0
BRDA:602,43,0,0
BRDA:602,43,1,0
BRDA:619,44,0,0
BRDA:619,44,1,0
BRDA:619,45,0,0
BRDA:619,45,1,0
BRDA:644,46,0,0
BRDA:644,46,1,0
BRDA:654,47,0,0
BRDA:654,47,1,0
BRDA:654,48,0,0
BRDA:654,48,1,0
BRDA:657,49,0,0
BRDA:657,49,1,0
BRDA:657,50,0,0
BRDA:657,50,1,0
BRDA:659,51,0,0
BRDA:659,51,1,0
BRDA:679,52,0,0
BRDA:679,52,1,0
BRDA:683,53,0,0
BRDA:683,53,1,0
BRDA:683,54,0,0
BRDA:683,54,1,0
BRDA:691,55,0,0
BRDA:691,55,1,0
BRDA:703,56,0,0
BRDA:703,56,1,0
BRDA:706,57,0,0
BRDA:706,57,1,0
BRDA:709,58,0,0
BRDA:709,58,1,0
BRDA:722,59,0,0
BRDA:722,59,1,0
BRDA:746,60,0,0
BRDA:746,60,1,0
BRDA:755,61,0,0
BRDA:755,61,1,0
BRDA:762,62,0,0
BRDA:762,62,1,0
BRDA:762,62,2,0
BRF:128
BRH:30
end_of_record
TN:
SF:controllers\CertifiacationsController.js
FN:32,(anonymous_0)
FN:43,(anonymous_1)
FN:56,(anonymous_2)
FN:59,(anonymous_3)
FN:77,(anonymous_4)
FN:80,(anonymous_5)
FN:105,(anonymous_6)
FNF:7
FNH:5
FNDA:2,(anonymous_0)
FNDA:3,(anonymous_1)
FNDA:4,(anonymous_2)
FNDA:0,(anonymous_3)
FNDA:5,(anonymous_4)
FNDA:0,(anonymous_5)
FNDA:3,(anonymous_6)
DA:1,1
DA:3,1
DA:4,1
DA:6,1
DA:7,1
DA:8,1
DA:11,1
DA:18,1
DA:26,1
DA:29,1
DA:32,1
DA:33,2
DA:34,2
DA:35,1
DA:37,1
DA:38,1
DA:43,1
DA:44,3
DA:45,3
DA:46,2
DA:47,1
DA:49,1
DA:51,1
DA:56,1
DA:57,4
DA:58,0
DA:59,0
DA:62,0
DA:63,0
DA:69,0
DA:70,0
DA:72,0
DA:77,1
DA:78,5
DA:79,0
DA:80,0
DA:83,0
DA:84,0
DA:85,0
DA:86,0
DA:90,0
DA:91,0
DA:92,0
DA:93,0
DA:94,0
DA:97,0
DA:98,0
DA:100,0
DA:105,1
DA:106,3
DA:107,3
DA:112,2
DA:113,1
DA:116,1
DA:118,1
LF:55
LH:34
BRDA:46,0,0,1
BRDA:46,0,1,1
BRDA:58,1,0,0
BRDA:58,1,1,0
BRDA:66,2,0,0
BRDA:66,2,1,0
BRDA:79,3,0,0
BRDA:79,3,1,0
BRDA:85,4,0,0
BRDA:85,4,1,0
BRDA:93,5,0,0
BRDA:93,5,1,0
BRDA:112,6,0,1
BRDA:112,6,1,1
BRF:14
BRH:4
end_of_record
TN:
SF:controllers\ExperienceController.js
FN:5,(anonymous_0)
FN:14,(anonymous_1)
FN:48,(anonymous_2)
FN:62,(anonymous_3)
FN:103,(anonymous_4)
FN:125,(anonymous_5)
FN:131,(anonymous_6)
FN:169,(anonymous_7)
FNF:8
FNH:6
FNDA:4,(anonymous_0)
FNDA:0,(anonymous_1)
FNDA:2,(anonymous_2)
FNDA:4,(anonymous_3)
FNDA:3,(anonymous_4)
FNDA:4,(anonymous_5)
FNDA:0,(anonymous_6)
FNDA:3,(anonymous_7)
DA:1,1
DA:2,1
DA:5,1
DA:6,4
DA:7,4
DA:9,4
DA:10,0
DA:11,0
DA:12,0
DA:14,0
DA:17,0
DA:18,0
DA:19,0
DA:22,0
DA:23,0
DA:29,0
DA:33,0
DA:34,0
DA:36,0
DA:41,0
DA:48,1
DA:49,2
DA:50,2
DA:51,1
DA:53,1
DA:57,1
DA:62,1
DA:63,4
DA:64,4
DA:66,4
DA:67,1
DA:73,1
DA:76,3
DA:77,3
DA:78,2
DA:83,2
DA:84,1
DA:91,1
DA:93,1
DA:98,1
DA:103,1
DA:104,3
DA:105,3
DA:109,2
DA:110,1
DA:114,1
DA:116,1
DA:120,1
DA:125,1
DA:126,4
DA:127,0
DA:128,0
DA:129,0
DA:131,0
DA:134,0
DA:135,0
DA:141,0
DA:145,0
DA:146,0
DA:151,0
DA:156,0
DA:158,0
DA:162,0
DA:169,1
DA:170,3
DA:171,3
DA:175,2
DA:176,1
DA:181,1
DA:182,1
DA:184,1
DA:188,1
LF:72
LH:45
BRDA:10,0,0,0
BRDA:10,0,1,0
BRDA:17,1,0,0
BRDA:17,1,1,0
BRDA:17,2,0,0
BRDA:17,2,1,0
BRDA:66,3,0,1
BRDA:66,3,1,3
BRDA:66,4,0,4
BRDA:66,4,1,3
BRDA:83,5,0,1
BRDA:83,5,1,1
BRDA:109,6,0,1
BRDA:109,6,1,1
BRDA:127,7,0,0
BRDA:127,7,1,0
BRDA:145,8,0,0
BRDA:145,8,1,0
BRDA:175,9,0,1
BRDA:175,9,1,1
BRF:20
BRH:10
end_of_record
TN:
SF:controllers\ProjectController.js
FN:5,(anonymous_0)
FN:15,(anonymous_1)
FN:42,(anonymous_2)
FN:67,(anonymous_3)
FN:70,(anonymous_4)
FN:81,(anonymous_5)
FN:90,(anonymous_6)
FNF:7
FNH:2
FNDA:0,(anonymous_0)
FNDA:1,(anonymous_1)
FNDA:0,(anonymous_2)
FNDA:1,(anonymous_3)
FNDA:0,(anonymous_4)
FNDA:0,(anonymous_5)
FNDA:0,(anonymous_6)
DA:1,1
DA:2,1
DA:3,1
DA:5,1
DA:6,0
DA:7,0
DA:8,0
DA:10,0
DA:12,0
DA:15,1
DA:16,1
DA:17,1
DA:20,1
DA:21,1
DA:24,0
DA:31,0
DA:32,0
DA:35,0
DA:37,0
DA:38,0
DA:42,1
DA:43,0
DA:47,0
DA:56,0
DA:59,0
DA:60,0
DA:62,0
DA:63,0
DA:67,1
DA:68,1
DA:69,0
DA:70,0
DA:72,0
DA:73,0
DA:74,0
DA:75,0
DA:77,0
DA:81,1
DA:82,0
DA:83,0
DA:84,0
DA:85,0
DA:87,0
DA:90,1
DA:91,0
DA:92,0
DA:93,0
DA:95,0
DA:96,0
LF:49
LH:14
BRDA:20,0,0,1
BRDA:20,0,1,0
BRDA:31,1,0,0
BRDA:31,1,1,0
BRDA:52,2,0,0
BRDA:52,2,1,0
BRDA:69,3,0,0
BRDA:69,3,1,0
BRDA:74,4,0,0
BRDA:74,4,1,0
BRDA:84,5,0,0
BRDA:84,5,1,0
BRF:12
BRH:1
end_of_record
TN:
SF:controllers\SkillsController.js
FN:4,(anonymous_0)
FN:14,(anonymous_1)
FN:25,(anonymous_2)
FN:32,(anonymous_3)
FN:75,(anonymous_4)
FN:79,(anonymous_5)
FN:98,(anonymous_6)
FN:112,(anonymous_7)
FNF:8
FNH:6
FNDA:2,(anonymous_0)
FNDA:3,(anonymous_1)
FNDA:4,(anonymous_2)
FNDA:0,(anonymous_3)
FNDA:4,(anonymous_4)
FNDA:0,(anonymous_5)
FNDA:3,(anonymous_6)
FNDA:4,(anonymous_7)
DA:1,1
DA:2,1
DA:4,1
DA:5,2
DA:6,2
DA:7,1
DA:9,1
DA:10,1
DA:14,1
DA:15,3
DA:16,3
DA:17,2
DA:18,1
DA:20,1
DA:21,1
DA:25,1
DA:26,4
DA:27,4
DA:29,4
DA:30,0
DA:31,0
DA:32,0
DA:35,0
DA:36,0
DA:37,0
DA:40,0
DA:41,0
DA:42,0
DA:46,0
DA:47,0
DA:49,0
DA:50,0
DA:75,1
DA:76,4
DA:77,0
DA:78,0
DA:79,0
DA:82,0
DA:83,0
DA:84,0
DA:85,0
DA:87,0
DA:92,0
DA:94,0
DA:95,0
DA:98,1
DA:99,3
DA:100,3
DA:101,2
DA:104,1
DA:106,1
DA:107,1
DA:112,1
DA:113,4
DA:114,4
DA:116,4
DA:117,1
DA:118,1
DA:121,3
DA:122,3
DA:123,2
DA:124,2
DA:125,1
DA:127,1
DA:129,1
DA:130,1
LF:66
LH:42
BRDA:17,0,0,1
BRDA:17,0,1,1
BRDA:30,1,0,0
BRDA:30,1,1,0
BRDA:35,2,0,0
BRDA:35,2,1,0
BRDA:35,3,0,0
BRDA:35,3,1,0
BRDA:77,4,0,0
BRDA:77,4,1,0
BRDA:85,5,0,0
BRDA:85,5,1,0
BRDA:101,6,0,1
BRDA:101,6,1,1
BRDA:116,7,0,1
BRDA:116,7,1,3
BRDA:116,8,0,4
BRDA:116,8,1,3
BRDA:124,9,0,1
BRDA:124,9,1,1
BRF:20
BRH:10
end_of_record
TN:
SF:controllers\TaskController.js
FN:7,(anonymous_0)
FN:37,(anonymous_1)
FN:56,(anonymous_2)
FN:72,(anonymous_3)
FN:92,(anonymous_4)
FN:118,(anonymous_5)
FN:123,(anonymous_6)
FN:165,(anonymous_7)
FN:170,(anonymous_8)
FN:212,(anonymous_9)
FNF:10
FNH:5
FNDA:2,(anonymous_0)
FNDA:0,(anonymous_1)
FNDA:2,(anonymous_2)
FNDA:0,(anonymous_3)
FNDA:0,(anonymous_4)
FNDA:4,(anonymous_5)
FNDA:1,(anonymous_6)
FNDA:0,(anonymous_7)
FNDA:0,(anonymous_8)
FNDA:3,(anonymous_9)
DA:1,1
DA:2,1
DA:3,1
DA:5,1
DA:8,2
DA:9,2
DA:10,2
DA:12,2
DA:13,2
DA:16,1
DA:22,1
DA:25,1
DA:28,1
DA:30,1
DA:31,1
DA:32,1
DA:38,0
DA:39,0
DA:43,0
DA:48,0
DA:57,2
DA:58,2
DA:60,2
DA:64,1
DA:66,1
DA:67,1
DA:73,0
DA:74,0
DA:75,0
DA:79,0
DA:84,0
DA:93,0
DA:94,0
DA:95,0
DA:99,0
DA:100,0
DA:106,0
DA:111,0
DA:119,4
DA:121,4
DA:122,4
DA:123,1
DA:127,1
DA:134,3
DA:135,3
DA:137,3
DA:144,0
DA:145,0
DA:151,0
DA:157,3
DA:166,0
DA:168,0
DA:169,0
DA:170,0
DA:174,0
DA:181,0
DA:182,0
DA:184,0
DA:191,0
DA:192,0
DA:198,0
DA:204,0
DA:213,3
DA:215,3
DA:216,3
DA:218,2
DA:219,1
DA:226,1
DA:231,1
DA:233,1
DA:238,1
DA:246,1
LF:72
LH:41
BRDA:99,0,0,0
BRDA:99,0,1,0
BRDA:122,1,0,1
BRDA:122,1,1,3
BRDA:144,2,0,0
BRDA:144,2,1,0
BRDA:169,3,0,0
BRDA:169,3,1,0
BRDA:191,4,0,0
BRDA:191,4,1,0
BRDA:218,5,0,1
BRDA:218,5,1,1
BRF:12
BRH:4
end_of_record
TN:
SF:controllers\WorkspaceController.js
FN:12,(anonymous_0)
FN:14,(anonymous_1)
FN:25,(anonymous_2)
FN:34,(anonymous_3)
FN:52,(anonymous_4)
FN:54,(anonymous_5)
FN:65,(anonymous_6)
FN:75,(anonymous_7)
FN:93,(anonymous_8)
FN:116,(anonymous_9)
FN:220,(anonymous_10)
FN:286,(anonymous_11)
FN:314,(anonymous_12)
FN:328,(anonymous_13)
FN:349,(anonymous_14)
FN:378,(anonymous_15)
FN:419,(anonymous_16)
FN:483,(anonymous_17)
FN:523,(anonymous_18)
FN:543,(anonymous_19)
FN:566,(anonymous_20)
FN:581,(anonymous_21)
FN:598,(anonymous_22)
FN:606,(anonymous_23)
FN:623,(anonymous_24)
FN:635,(anonymous_25)
FN:648,(anonymous_26)
FN:659,(anonymous_27)
FN:676,(anonymous_28)
FN:726,(anonymous_29)
FN:751,(anonymous_30)
FN:844,(anonymous_31)
FN:853,(anonymous_32)
FN:913,(anonymous_33)
FN:980,(anonymous_34)
FN:988,(anonymous_35)
FN:1000,(anonymous_36)
FN:1087,(anonymous_37)
FNF:38
FNH:8
FNDA:3,(anonymous_0)
FNDA:1,(anonymous_1)
FNDA:2,(anonymous_2)
FNDA:4,(anonymous_3)
FNDA:4,(anonymous_4)
FNDA:1,(anonymous_5)
FNDA:3,(anonymous_6)
FNDA:0,(anonymous_7)
FNDA:0,(anonymous_8)
FNDA:0,(anonymous_9)
FNDA:0,(anonymous_10)
FNDA:0,(anonymous_11)
FNDA:0,(anonymous_12)
FNDA:0,(anonymous_13)
FNDA:0,(anonymous_14)
FNDA:0,(anonymous_15)
FNDA:0,(anonymous_16)
FNDA:0,(anonymous_17)
FNDA:0,(anonymous_18)
FNDA:0,(anonymous_19)
FNDA:0,(anonymous_20)
FNDA:0,(anonymous_21)
FNDA:0,(anonymous_22)
FNDA:0,(anonymous_23)
FNDA:0,(anonymous_24)
FNDA:0,(anonymous_25)
FNDA:0,(anonymous_26)
FNDA:0,(anonymous_27)
FNDA:0,(anonymous_28)
FNDA:0,(anonymous_29)
FNDA:0,(anonymous_30)
FNDA:0,(anonymous_31)
FNDA:0,(anonymous_32)
FNDA:0,(anonymous_33)
FNDA:0,(anonymous_34)
FNDA:0,(anonymous_35)
FNDA:0,(anonymous_36)
FNDA:2,(anonymous_37)
DA:1,1
DA:2,1
DA:3,1
DA:4,1
DA:5,1
DA:6,1
DA:7,1
DA:8,1
DA:9,1
DA:10,1
DA:11,1
DA:12,1
DA:13,3
DA:14,3
DA:16,2
DA:17,2
DA:18,2
DA:19,1
DA:21,1
DA:25,1
DA:26,2
DA:27,2
DA:28,1
DA:30,1
DA:34,1
DA:35,4
DA:36,4
DA:37,3
DA:39,3
DA:40,1
DA:43,3
DA:45,3
DA:46,2
DA:48,1
DA:52,1
DA:53,4
DA:54,4
DA:56,3
DA:57,3
DA:58,2
DA:59,1
DA:61,1
DA:65,1
DA:66,3
DA:67,3
DA:68,2
DA:69,1
DA:71,1
DA:75,1
DA:76,0
DA:77,0
DA:79,0
DA:80,0
DA:83,0
DA:85,0
DA:86,0
DA:87,0
DA:90,0
DA:93,0
DA:94,0
DA:98,0
DA:99,0
DA:102,0
DA:105,0
DA:111,0
DA:112,0
DA:116,0
DA:117,0
DA:118,0
DA:120,0
DA:123,0
DA:124,0
DA:128,0
DA:131,0
DA:132,0
DA:135,0
DA:143,0
DA:146,0
DA:147,0
DA:149,0
DA:159,0
DA:160,0
DA:162,0
DA:166,0
DA:177,0
DA:181,0
DA:182,0
DA:184,0
DA:202,0
DA:204,0
DA:216,0
DA:220,1
DA:221,0
DA:222,0
DA:224,0
DA:225,0
DA:228,0
DA:230,0
DA:232,0
DA:233,0
DA:237,0
DA:238,0
DA:242,0
DA:243,0
DA:246,0
DA:248,0
DA:249,0
DA:250,0
DA:254,0
DA:255,0
DA:258,0
DA:261,0
DA:263,0
DA:270,0
DA:271,0
DA:272,0
DA:279,0
DA:281,0
DA:282,0
DA:286,0
DA:287,0
DA:290,0
DA:292,0
DA:294,0
DA:300,0
DA:301,0
DA:304,0
DA:309,0
DA:310,0
DA:314,1
DA:315,0
DA:317,0
DA:319,0
DA:320,0
DA:321,0
DA:325,0
DA:328,0
DA:329,0
DA:334,0
DA:335,0
DA:339,0
DA:343,0
DA:345,0
DA:349,1
DA:350,0
DA:351,0
DA:353,0
DA:354,0
DA:357,0
DA:358,0
DA:360,0
DA:361,0
DA:365,0
DA:375,0
DA:376,0
DA:377,0
DA:378,0
DA:382,0
DA:385,0
DA:391,0
DA:392,0
DA:395,0
DA:405,0
DA:406,0
DA:408,0
DA:412,0
DA:414,0
DA:415,0
DA:419,1
DA:420,0
DA:421,0
DA:424,0
DA:426,0
DA:427,0
DA:430,0
DA:431,0
DA:432,0
DA:436,0
DA:439,0
DA:441,0
DA:442,0
DA:444,0
DA:445,0
DA:447,0
DA:448,0
DA:450,0
DA:451,0
DA:456,0
DA:460,0
DA:461,0
DA:462,0
DA:465,0
DA:470,0
DA:473,0
DA:475,0
DA:476,0
DA:483,1
DA:484,0
DA:486,0
DA:488,0
DA:492,0
DA:493,0
DA:497,0
DA:498,0
DA:502,0
DA:503,0
DA:507,0
DA:518,0
DA:519,0
DA:523,1
DA:524,0
DA:525,0
DA:528,0
DA:536,0
DA:538,0
DA:539,0
DA:543,1
DA:544,0
DA:545,0
DA:548,0
DA:551,0
DA:552,0
DA:556,0
DA:559,0
DA:566,0
DA:573,0
DA:576,0
DA:577,0
DA:581,1
DA:582,0
DA:583,0
DA:584,0
DA:586,0
DA:587,0
DA:590,0
DA:592,0
DA:593,0
DA:597,0
DA:598,0
DA:599,0
DA:601,0
DA:602,0
DA:606,0
DA:608,0
DA:609,0
DA:612,0
DA:613,0
DA:615,0
DA:618,0
DA:619,0
DA:623,1
DA:624,0
DA:625,0
DA:627,0
DA:629,0
DA:630,0
DA:634,0
DA:635,0
DA:636,0
DA:638,0
DA:639,0
DA:643,0
DA:644,0
DA:648,0
DA:649,0
DA:651,0
DA:654,0
DA:655,0
DA:659,1
DA:660,0
DA:662,0
DA:669,0
DA:671,0
DA:672,0
DA:676,1
DA:677,0
DA:678,0
DA:680,0
DA:681,0
DA:684,0
DA:686,0
DA:688,0
DA:689,0
DA:693,0
DA:694,0
DA:698,0
DA:699,0
DA:703,0
DA:704,0
DA:707,0
DA:709,0
DA:710,0
DA:711,0
DA:715,0
DA:716,0
DA:719,0
DA:721,0
DA:722,0
DA:726,0
DA:727,0
DA:730,0
DA:732,0
DA:738,0
DA:741,0
DA:746,0
DA:747,0
DA:751,1
DA:752,0
DA:753,0
DA:756,0
DA:765,0
DA:766,0
DA:767,0
DA:771,0
DA:774,0
DA:775,0
DA:779,0
DA:781,0
DA:782,0
DA:783,0
DA:784,0
DA:785,0
DA:790,0
DA:792,0
DA:796,0
DA:798,0
DA:800,0
DA:802,0
DA:809,0
DA:811,0
DA:814,0
DA:819,0
DA:820,0
DA:822,0
DA:824,0
DA:832,0
DA:834,0
DA:838,0
DA:839,0
DA:841,0
DA:843,0
DA:844,0
DA:846,0
DA:847,0
DA:852,0
DA:853,0
DA:854,0
DA:859,0
DA:860,0
DA:861,0
DA:863,0
DA:867,0
DA:868,0
DA:869,0
DA:870,0
DA:878,0
DA:882,0
DA:887,0
DA:896,0
DA:897,0
DA:901,0
DA:903,0
DA:913,1
DA:914,0
DA:915,0
DA:916,0
DA:919,0
DA:921,0
DA:922,0
DA:925,0
DA:926,0
DA:927,0
DA:931,0
DA:934,0
DA:935,0
DA:936,0
DA:937,0
DA:939,0
DA:940,0
DA:942,0
DA:944,0
DA:945,0
DA:947,0
DA:948,0
DA:952,0
DA:956,0
DA:959,0
DA:960,0
DA:961,0
DA:965,0
DA:969,0
DA:970,0
DA:972,0
DA:976,0
DA:979,0
DA:980,0
DA:981,0
DA:982,0
DA:983,0
DA:988,0
DA:993,0
DA:995,0
DA:996,0
DA:1000,1
DA:1001,0
DA:1002,0
DA:1005,0
DA:1006,0
DA:1008,0
DA:1009,0
DA:1010,0
DA:1012,0
DA:1013,0
DA:1014,0
DA:1015,0
DA:1017,0
DA:1018,0
DA:1021,0
DA:1022,0
DA:1023,0
DA:1027,0
DA:1029,0
DA:1030,0
DA:1032,0
DA:1033,0
DA:1036,0
DA:1037,0
DA:1038,0
DA:1039,0
DA:1042,0
DA:1043,0
DA:1047,0
DA:1048,0
DA:1052,0
DA:1053,0
DA:1058,0
DA:1059,0
DA:1060,0
DA:1061,0
DA:1063,0
DA:1064,0
DA:1066,0
DA:1067,0
DA:1069,0
DA:1071,0
DA:1074,0
DA:1075,0
DA:1079,0
DA:1083,0
DA:1084,0
DA:1087,1
DA:1088,2
DA:1090,2
DA:1091,1
DA:1095,1
DA:1096,1
LF:456
LH:69
BRDA:14,0,0,1
BRDA:14,0,1,2
BRDA:39,1,0,1
BRDA:39,1,1,2
BRDA:45,2,0,1
BRDA:45,2,1,2
BRDA:54,3,0,1
BRDA:54,3,1,3
BRDA:58,4,0,1
BRDA:58,4,1,1
BRDA:68,5,0,1
BRDA:68,5,1,1
BRDA:79,6,0,0
BRDA:79,6,1,0
BRDA:86,7,0,0
BRDA:86,7,1,0
BRDA:94,8,0,0
BRDA:94,8,1,0
BRDA:94,8,2,0
BRDA:98,9,0,0
BRDA:98,9,1,0
BRDA:98,10,0,0
BRDA:98,10,1,0
BRDA:111,11,0,0
BRDA:111,11,1,0
BRDA:117,12,0,0
BRDA:117,12,1,0
BRDA:117,13,0,0
BRDA:117,13,1,0
BRDA:123,14,0,0
BRDA:123,14,1,0
BRDA:146,15,0,0
BRDA:146,15,1,0
BRDA:160,16,0,0
BRDA:160,16,1,0
BRDA:181,17,0,0
BRDA:181,17,1,0
BRDA:191,18,0,0
BRDA:191,18,1,0
BRDA:213,19,0,0
BRDA:213,19,1,0
BRDA:224,20,0,0
BRDA:224,20,1,0
BRDA:224,21,0,0
BRDA:224,21,1,0
BRDA:232,22,0,0
BRDA:232,22,1,0
BRDA:237,23,0,0
BRDA:237,23,1,0
BRDA:242,24,0,0
BRDA:242,24,1,0
BRDA:246,25,0,0
BRDA:246,25,1,0
BRDA:261,26,0,0
BRDA:261,26,1,0
BRDA:261,27,0,0
BRDA:261,27,1,0
BRDA:271,28,0,0
BRDA:271,28,1,0
BRDA:281,29,0,0
BRDA:281,29,1,0
BRDA:287,30,0,0
BRDA:287,30,1,0
BRDA:292,31,0,0
BRDA:292,31,1,0
BRDA:320,32,0,0
BRDA:320,32,1,0
BRDA:329,33,0,0
BRDA:329,33,1,0
BRDA:329,33,2,0
BRDA:334,34,0,0
BRDA:334,34,1,0
BRDA:334,35,0,0
BRDA:334,35,1,0
BRDA:354,36,0,0
BRDA:354,36,1,0
BRDA:358,37,0,0
BRDA:358,37,1,0
BRDA:360,38,0,0
BRDA:360,38,1,0
BRDA:368,39,0,0
BRDA:368,39,1,0
BRDA:376,40,0,0
BRDA:376,40,1,0
BRDA:405,41,0,0
BRDA:405,41,1,0
BRDA:426,42,0,0
BRDA:426,42,1,0
BRDA:430,43,0,0
BRDA:430,43,1,0
BRDA:430,44,0,0
BRDA:430,44,1,0
BRDA:442,45,0,0
BRDA:442,45,1,0
BRDA:445,46,0,0
BRDA:445,46,1,0
BRDA:445,47,0,0
BRDA:445,47,1,0
BRDA:448,48,0,0
BRDA:448,48,1,0
BRDA:448,49,0,0
BRDA:448,49,1,0
BRDA:450,50,0,0
BRDA:450,50,1,0
BRDA:450,51,0,0
BRDA:450,51,1,0
BRDA:460,52,0,0
BRDA:460,52,1,0
BRDA:478,53,0,0
BRDA:478,53,1,0
BRDA:492,54,0,0
BRDA:492,54,1,0
BRDA:497,55,0,0
BRDA:497,55,1,0
BRDA:502,56,0,0
BRDA:502,56,1,0
BRDA:551,57,0,0
BRDA:551,57,1,0
BRDA:586,58,0,0
BRDA:586,58,1,0
BRDA:592,59,0,0
BRDA:592,59,1,0
BRDA:599,60,0,0
BRDA:599,60,1,0
BRDA:601,61,0,0
BRDA:601,61,1,0
BRDA:601,62,0,0
BRDA:601,62,1,0
BRDA:608,63,0,0
BRDA:608,63,1,0
BRDA:629,64,0,0
BRDA:629,64,1,0
BRDA:636,65,0,0
BRDA:636,65,1,0
BRDA:638,66,0,0
BRDA:638,66,1,0
BRDA:638,67,0,0
BRDA:638,67,1,0
BRDA:643,68,0,0
BRDA:643,68,1,0
BRDA:680,69,0,0
BRDA:680,69,1,0
BRDA:680,70,0,0
BRDA:680,70,1,0
BRDA:688,71,0,0
BRDA:688,71,1,0
BRDA:693,72,0,0
BRDA:693,72,1,0
BRDA:698,73,0,0
BRDA:698,73,1,0
BRDA:703,74,0,0
BRDA:703,74,1,0
BRDA:707,75,0,0
BRDA:707,75,1,0
BRDA:721,76,0,0
BRDA:721,76,1,0
BRDA:727,77,0,0
BRDA:727,77,1,0
BRDA:730,78,0,0
BRDA:730,78,1,0
BRDA:766,79,0,0
BRDA:766,79,1,0
BRDA:774,80,0,0
BRDA:774,80,1,0
BRDA:774,81,0,0
BRDA:774,81,1,0
BRDA:779,82,0,0
BRDA:779,82,1,0
BRDA:779,83,0,0
BRDA:779,83,1,0
BRDA:779,83,2,0
BRDA:782,84,0,0
BRDA:782,84,1,0
BRDA:783,85,0,0
BRDA:783,85,1,0
BRDA:790,86,0,0
BRDA:790,86,1,0
BRDA:809,87,0,0
BRDA:809,87,1,0
BRDA:843,88,0,0
BRDA:843,88,1,0
BRDA:846,89,0,0
BRDA:846,89,1,0
BRDA:854,90,0,0
BRDA:854,90,1,0
BRDA:860,91,0,0
BRDA:860,91,1,0
BRDA:860,92,0,0
BRDA:860,92,1,0
BRDA:863,93,0,0
BRDA:863,93,1,0
BRDA:867,94,0,0
BRDA:867,94,1,0
BRDA:869,95,0,0
BRDA:869,95,1,0
BRDA:869,96,0,0
BRDA:869,96,1,0
BRDA:882,97,0,0
BRDA:882,97,1,0
BRDA:921,98,0,0
BRDA:921,98,1,0
BRDA:925,99,0,0
BRDA:925,99,1,0
BRDA:925,100,0,0
BRDA:925,100,1,0
BRDA:937,101,0,0
BRDA:937,101,1,0
BRDA:939,102,0,0
BRDA:939,102,1,0
BRDA:942,103,0,0
BRDA:942,103,1,0
BRDA:945,104,0,0
BRDA:945,104,1,0
BRDA:945,105,0,0
BRDA:945,105,1,0
BRDA:947,106,0,0
BRDA:947,106,1,0
BRDA:947,107,0,0
BRDA:947,107,1,0
BRDA:960,108,0,0
BRDA:960,108,1,0
BRDA:969,109,0,0
BRDA:969,109,1,0
BRDA:979,110,0,0
BRDA:979,110,1,0
BRDA:989,111,0,0
BRDA:989,111,1,0
BRDA:990,112,0,0
BRDA:990,112,1,0
BRDA:1017,113,0,0
BRDA:1017,113,1,0
BRDA:1021,114,0,0
BRDA:1021,114,1,0
BRDA:1021,115,0,0
BRDA:1021,115,1,0
BRDA:1030,116,0,0
BRDA:1030,116,1,0
BRDA:1030,117,0,0
BRDA:1030,117,1,0
BRDA:1032,118,0,0
BRDA:1032,118,1,0
BRDA:1033,119,0,0
BRDA:1033,119,1,0
BRDA:1042,120,0,0
BRDA:1042,120,1,0
BRDA:1047,121,0,0
BRDA:1047,121,1,0
BRDA:1052,122,0,0
BRDA:1052,122,1,0
BRDA:1052,123,0,0
BRDA:1052,123,1,0
BRDA:1058,124,0,0
BRDA:1058,124,1,0
BRF:253
BRH:12
end_of_record
TN:
SF:controllers\messageController.js
FN:6,(anonymous_0)
FN:18,(anonymous_1)
FN:57,(anonymous_2)
FN:83,(anonymous_3)
FN:89,(anonymous_4)
FN:132,(anonymous_5)
FN:160,(anonymous_6)
FN:171,(anonymous_7)
FNF:8
FNH:7
FNDA:5,(anonymous_0)
FNDA:3,(anonymous_1)
FNDA:5,(anonymous_2)
FNDA:2,(anonymous_3)
FNDA:0,(anonymous_4)
FNDA:4,(anonymous_5)
FNDA:4,(anonymous_6)
FNDA:2,(anonymous_7)
DA:1,1
DA:2,1
DA:3,1
DA:6,1
DA:7,5
DA:8,5
DA:10,5
DA:12,5
DA:13,4
DA:14,1
DA:18,3
DA:19,3
DA:22,3
DA:24,3
DA:25,1
DA:29,2
DA:32,2
DA:33,1
DA:37,2
DA:44,2
DA:47,1
DA:48,1
DA:57,1
DA:58,5
DA:59,5
DA:61,5
DA:62,1
DA:65,4
DA:67,4
DA:68,3
DA:69,1
DA:73,2
DA:74,2
DA:78,2
DA:80,2
DA:82,2
DA:83,2
DA:84,2
DA:89,0
DA:90,0
DA:95,2
DA:96,1
DA:105,1
DA:112,1
DA:115,1
DA:118,1
DA:122,1
DA:123,1
DA:126,1
DA:127,1
DA:132,1
DA:133,4
DA:134,4
DA:136,4
DA:137,2
DA:140,2
DA:142,2
DA:153,1
DA:156,1
DA:157,1
DA:160,1
DA:161,4
DA:163,4
DA:165,4
DA:166,3
DA:167,1
DA:171,2
DA:172,2
DA:175,2
DA:177,2
DA:178,1
DA:182,1
DA:188,1
DA:191,1
DA:192,1
LF:75
LH:73
BRDA:8,0,0,0
BRDA:13,1,0,1
BRDA:13,1,1,3
BRDA:24,2,0,1
BRDA:24,2,1,2
BRDA:24,3,0,3
BRDA:24,3,1,1
BRDA:32,4,0,1
BRDA:32,4,1,1
BRDA:61,5,0,1
BRDA:61,5,1,4
BRDA:61,6,0,5
BRDA:61,6,1,4
BRDA:68,7,0,1
BRDA:68,7,1,2
BRDA:80,8,0,2
BRDA:80,8,1,0
BRDA:82,9,0,2
BRDA:82,9,1,0
BRDA:82,10,0,2
BRDA:82,10,1,2
BRDA:82,10,2,2
BRDA:95,11,0,1
BRDA:95,11,1,1
BRDA:95,12,0,2
BRDA:95,12,1,1
BRDA:136,13,0,2
BRDA:136,13,1,2
BRDA:136,14,0,4
BRDA:136,14,1,3
BRDA:136,14,2,3
BRDA:166,15,0,1
BRDA:166,15,1,2
BRDA:177,16,0,1
BRDA:177,16,1,1
BRDA:177,17,0,2
BRDA:177,17,1,1
BRF:37
BRH:34
end_of_record
TN:
SF:controllers\notificationController.js
FN:5,(anonymous_0)
FN:42,(anonymous_1)
FN:57,(anonymous_2)
FN:83,(anonymous_3)
FN:100,(anonymous_4)
FN:124,(anonymous_5)
FNF:6
FNH:0
FNDA:0,(anonymous_0)
FNDA:0,(anonymous_1)
FNDA:0,(anonymous_2)
FNDA:0,(anonymous_3)
FNDA:0,(anonymous_4)
FNDA:0,(anonymous_5)
DA:1,1
DA:2,1
DA:5,1
DA:6,0
DA:7,0
DA:18,0
DA:22,0
DA:24,0
DA:27,0
DA:32,0
DA:34,0
DA:36,0
DA:37,0
DA:42,1
DA:43,0
DA:44,0
DA:50,0
DA:52,0
DA:57,1
DA:58,0
DA:59,0
DA:61,0
DA:62,0
DA:66,0
DA:67,0
DA:70,0
DA:71,0
DA:73,0
DA:78,0
DA:83,1
DA:84,0
DA:85,0
DA:90,0
DA:95,0
DA:100,1
DA:101,0
DA:102,0
DA:104,0
DA:105,0
DA:109,0
DA:110,0
DA:113,0
DA:116,0
DA:118,0
DA:119,0
DA:124,1
DA:125,0
DA:126,0
DA:129,0
DA:130,0
DA:131,0
DA:137,0
DA:140,0
DA:141,0
DA:142,0
DA:144,0
DA:150,0
DA:151,0
DA:158,0
DA:159,0
LF:60
LH:8
BRDA:32,0,0,0
BRDA:32,0,1,0
BRDA:61,1,0,0
BRDA:61,1,1,0
BRDA:66,2,0,0
BRDA:66,2,1,0
BRDA:104,3,0,0
BRDA:104,3,1,0
BRDA:109,4,0,0
BRDA:109,4,1,0
BRDA:126,5,0,0
BRDA:126,5,1,0
BRDA:129,6,0,0
BRDA:129,6,1,0
BRDA:129,7,0,0
BRDA:129,7,1,0
BRDA:162,8,0,0
BRDA:162,8,1,0
BRF:18
BRH:0
end_of_record
TN:
SF:models\Certifications.js
FNF:0
FNH:0
DA:1,1
DA:3,1
DA:30,1
LF:3
LH:3
BRF:0
BRH:0
end_of_record
TN:
SF:models\Experience.js
FNF:0
FNH:0
DA:1,1
DA:3,1
DA:72,1
LF:3
LH:3
BRF:0
BRH:0
end_of_record
TN:
SF:models\Invitation.js
FNF:0
FNH:0
DA:1,1
DA:3,1
DA:39,1
LF:3
LH:3
BRF:0
BRH:0
end_of_record
TN:
SF:models\Message.js
FNF:0
FNH:0
DA:1,1
DA:3,1
DA:36,1
LF:3
LH:3
BRF:0
BRH:0
end_of_record
TN:
SF:models\Notification.js
FNF:0
FNH:0
DA:1,1
DA:3,1
DA:46,1
LF:3
LH:3
BRF:0
BRH:0
end_of_record
TN:
SF:models\Project.js
FNF:0
FNH:0
DA:1,3
DA:3,3
DA:61,3
DA:63,3
LF:4
LH:4
BRF:0
BRH:0
end_of_record
TN:
SF:models\Skills.js
FNF:0
FNH:0
DA:1,1
DA:3,1
DA:34,1
LF:3
LH:3
BRF:0
BRH:0
end_of_record
TN:
SF:models\Task.js
FNF:0
FNH:0
DA:1,2
DA:3,2
DA:53,2
DA:55,2
LF:4
LH:4
BRF:0
BRH:0
end_of_record
TN:
SF:models\User.js
FN:19,(anonymous_0)
FNF:1
FNH:0
FNDA:0,(anonymous_0)
DA:1,2
DA:3,2
DA:20,0
DA:98,2
LF:4
LH:3
BRF:0
BRH:0
end_of_record
TN:
SF:models\Workspace.js
FNF:0
FNH:0
DA:1,2
DA:3,2
DA:37,2
LF:3
LH:3
BRF:0
BRH:0
end_of_record
TN:
SF:utils\sendEmail.js
FN:3,(anonymous_0)
FNF:1
FNH:0
FNDA:0,(anonymous_0)
DA:1,1
DA:3,1
DA:4,0
DA:17,0
DA:18,0
DA:35,0
DA:52,0
DA:59,0
DA:62,1
LF:9
LH:3
BRDA:17,0,0,0
BRDA:17,0,1,0
BRF:2
BRH:0
end_of_record
TN:
SF:validators\CertificationsValidators.js
FN:27,(anonymous_0)
FNF:1
FNH:0
FNDA:0,(anonymous_0)
DA:1,1
DA:3,1
DA:26,1
DA:27,0
LF:4
LH:3
BRF:0
BRH:0
end_of_record
TN:
SF:validators\SkillsValidators.js
FN:33,(anonymous_0)
FN:34,(anonymous_1)
FNF:2
FNH:0
FNDA:0,(anonymous_0)
FNDA:0,(anonymous_1)
DA:1,1
DA:3,1
DA:23,1
DA:32,1
DA:33,0
DA:34,0
LF:6
LH:4
BRF:0
BRH:0
end_of_record
TN:
SF:validators\WorkspaceValidator.js
FN:34,(anonymous_0)
FNF:1
FNH:0
FNDA:0,(anonymous_0)
DA:1,1
DA:3,1
DA:33,1
DA:34,0
LF:4
LH:3
BRF:0
BRH:0
end_of_record
TN:
SF:validators\experienceValidator.js
FN:3,(anonymous_0)
FNF:1
FNH:0
FNDA:0,(anonymous_0)
DA:1,1
DA:3,1
DA:4,0
DA:87,0
DA:90,1
LF:5
LH:3
BRF:0
BRH:0
end_of_record
TN:
SF:validators\taskValidator.js
FNF:0
FNH:0
DA:1,1
DA:3,1
DA:152,1
LF:3
LH:3
BRF:0
BRH:0
end_of_record
TN:
SF:validators\validatorProject.js
FN:27,(anonymous_0)
FNF:1
FNH:0
FNDA:0,(anonymous_0)
DA:1,2
DA:3,2
DA:26,2
DA:28,0
DA:29,0
DA:30,0
DA:31,0
DA:33,0
LF:8
LH:3
BRDA:30,0,0,0
BRDA:30,0,1,0
BRF:2
BRH:0
end_of_record
TN:
SF:validators\validators.js
FN:106,(anonymous_0)
FN:107,(anonymous_1)
FNF:2
FNH:1
FNDA:4,(anonymous_0)
FNDA:0,(anonymous_1)
DA:2,1
DA:5,1
DA:70,1
DA:105,1
DA:106,4
DA:107,0
LF:6
LH:5
BRF:0
BRH:0
end_of_record
